Aug 02 08:00:32 symfony [info] {sfPatternRouting} Match route "homepage" (/) for / with parameters array (  'module' => 'default',  'action' => 'index',)
Aug 02 08:00:32 symfony [info] {Data Map File} "/home/amadsen/html/sites/dev.constellation.tv/branches/prod/public/lib/widgets/ReminderEmail/query/Screening_list_datamap.xml"
Aug 02 08:00:32 symfony [info] {WTVR Data} "Prepare SOLR Query "http://localhost:8080/constellation/select/?q=screening_date%3A+%5B2012-08-02T18%3A00%3A32Z+TO+2012-08-02T18%3A05%3A32Z+%5D+AND+screening_paid_status%3A+2&version=2.2&indent=on&rows=50&start=0&sort=screening_date+asc%2C&fl=screening_film_name,screening_film_alt_name,screening_film_makers,screening_film_production_company,screening_film_logo,screening_film_trailer_file,screening_film_movie_file,screening_film_maker_message,screening_film_ticket_price,screening_film_status,screening_film_featured,screening_film_created_at,screening_film_updated_at,screening_film_setup_price,screening_film_info,screening_film_cast,screening_film_running_time,screening_film_total_seats,screening_film_short_name,screening_film_synopsis,screening_film_still_image,screening_film_geoblocking_enabled,screening_film_geoblocking_type,screening_film_short_url,screening_film_id,screening_user_id,screening_highlighted,screening_user_image,screening_user_photo_url,screening_user_full_name,screening_user_bio,screening_name,screening_date,screening_end_time,screening_default_timezone_id,screening_description,screening_unique_key,screening_total_seats,screening_id,screening_guest_image,screening_still_image,score&bq=""
Aug 02 08:01:03 symfony [info] {sfPatternRouting} Match route "homepage" (/) for / with parameters array (  'module' => 'default',  'action' => 'index',)
Aug 02 08:01:03 symfony [info] {Data Map File} "/home/amadsen/html/sites/dev.constellation.tv/branches/prod/public/lib/widgets/ReminderEmail/query/Screening_list_datamap.xml"
Aug 02 08:02:10 symfony [info] {sfPatternRouting} Match route "homepage" (/) for / with parameters array (  'module' => 'default',  'action' => 'index',)
Aug 02 08:02:10 symfony [info] {Data Map File} "/home/amadsen/html/sites/dev.constellation.tv/branches/prod/public/lib/widgets/SolrManager/query/Screening_list_datamap.xml"
Aug 02 08:02:10 symfony [info] {WTVR Data} "Execute Propel Query Without Limits "film_list_datamap""
Aug 02 08:02:10 symfony [info] {WTVR Data} "Execute Propel Query With Limits "film_list_datamap""
Aug 02 08:02:10 symfony [info] {Data Map File} "/home/amadsen/html/sites/dev.constellation.tv/branches/prod/public/lib/widgets/SolrManager/query/Review_list_datamap.xml"
Aug 02 08:02:10 symfony [info] {WTVR Data} "Execute Propel Query Without Limits "audience_list_datamap""
Aug 02 08:02:10 symfony [info] {WTVR Data} "Execute Propel Query With Limits "audience_list_datamap""
Aug 02 08:02:10 symfony [info] {Data Map File} "/home/amadsen/html/sites/dev.constellation.tv/branches/prod/public/lib/widgets/SolrManager/query/FilmGenre_list_datamap.xml"
Aug 02 08:02:10 symfony [info] {WTVR Data} "Execute Propel Query Without Limits "film_info_list_datamap""
Aug 02 08:02:10 symfony [info] {WTVR Data} "Execute Propel Query With Limits "film_info_list_datamap""
Aug 02 08:02:10 symfony [info] {Data Map File} "/home/amadsen/html/sites/dev.constellation.tv/branches/prod/public/lib/widgets/SolrManager/query/FilmInfo_list_datamap.xml"
Aug 02 08:02:10 symfony [info] {WTVR Data} "Execute Propel Query Without Limits "film_info_list_datamap""
Aug 02 08:02:10 symfony [info] {WTVR Data} "Execute Propel Query With Limits "film_info_list_datamap""
Aug 02 08:02:10 symfony [info] {sfPartialView} Render "/home/amadsen/html/sites/dev.constellation.tv/branches/prod/public/lib/widgets/SolrManager/SolrManager.template.php"
Aug 02 08:03:35 symfony [info] {sfPatternRouting} Match route "homepage" (/) for / with parameters array (  'module' => 'default',  'action' => 'index',)
Aug 02 08:03:35 symfony [info] {Data Map File} "/home/amadsen/html/sites/dev.constellation.tv/branches/prod/public/lib/widgets/SolrManager/query/Screening_list_datamap.xml"
Aug 02 08:03:35 symfony [info] {WTVR Data} "Execute Propel Query Without Limits "film_list_datamap""
Aug 02 08:03:35 symfony [info] {WTVR Data} "Execute Propel Query With Limits "film_list_datamap""
Aug 02 08:03:35 symfony [info] {Data Map File} "/home/amadsen/html/sites/dev.constellation.tv/branches/prod/public/lib/widgets/SolrManager/query/Review_list_datamap.xml"
Aug 02 08:03:35 symfony [info] {WTVR Data} "Execute Propel Query Without Limits "audience_list_datamap""
Aug 02 08:03:35 symfony [info] {WTVR Data} "Execute Propel Query With Limits "audience_list_datamap""
Aug 02 08:03:35 symfony [info] {Data Map File} "/home/amadsen/html/sites/dev.constellation.tv/branches/prod/public/lib/widgets/SolrManager/query/FilmGenre_list_datamap.xml"
Aug 02 08:03:35 symfony [info] {WTVR Data} "Execute Propel Query Without Limits "film_info_list_datamap""
Aug 02 08:03:35 symfony [info] {WTVR Data} "Execute Propel Query With Limits "film_info_list_datamap""
Aug 02 08:03:35 symfony [info] {Data Map File} "/home/amadsen/html/sites/dev.constellation.tv/branches/prod/public/lib/widgets/SolrManager/query/FilmInfo_list_datamap.xml"
Aug 02 08:03:35 symfony [info] {WTVR Data} "Execute Propel Query Without Limits "film_info_list_datamap""
Aug 02 08:03:35 symfony [info] {WTVR Data} "Execute Propel Query With Limits "film_info_list_datamap""
Aug 02 08:03:35 symfony [info] {sfPartialView} Render "/home/amadsen/html/sites/dev.constellation.tv/branches/prod/public/lib/widgets/SolrManager/SolrManager.template.php"
Aug 02 08:06:46 symfony [info] {sfPatternRouting} Match route "homepage" (/) for / with parameters array (  'module' => 'default',  'action' => 'index',)
Aug 02 08:06:46 symfony [info] {Data Map File} "/home/amadsen/html/sites/dev.constellation.tv/branches/prod/public/lib/widgets/ReminderEmail/query/Screening_list_datamap.xml"
Aug 02 08:06:46 symfony [info] {WTVR Data} "Prepare SOLR Query "http://localhost:8080/constellation/select/?q=screening_date%3A+%5B2012-08-02T18%3A06%3A46Z+TO+2012-08-02T18%3A11%3A46Z+%5D+AND+screening_paid_status%3A+2&version=2.2&indent=on&rows=50&start=0&sort=screening_date+asc%2C&fl=screening_film_name,screening_film_alt_name,screening_film_makers,screening_film_production_company,screening_film_logo,screening_film_trailer_file,screening_film_movie_file,screening_film_maker_message,screening_film_ticket_price,screening_film_status,screening_film_featured,screening_film_created_at,screening_film_updated_at,screening_film_setup_price,screening_film_info,screening_film_cast,screening_film_running_time,screening_film_total_seats,screening_film_short_name,screening_film_synopsis,screening_film_still_image,screening_film_geoblocking_enabled,screening_film_geoblocking_type,screening_film_short_url,screening_film_id,screening_user_id,screening_highlighted,screening_user_image,screening_user_photo_url,screening_user_full_name,screening_user_bio,screening_name,screening_date,screening_end_time,screening_default_timezone_id,screening_description,screening_unique_key,screening_total_seats,screening_id,screening_guest_image,screening_still_image,score&bq=""
Aug 02 08:07:00 symfony [info] {sfPatternRouting} Match route "homepage" (/) for / with parameters array (  'module' => 'default',  'action' => 'index',)
Aug 02 08:07:00 symfony [info] {Data Map File} "/home/amadsen/html/sites/dev.constellation.tv/branches/prod/public/lib/widgets/ReminderEmail/query/Screening_list_datamap.xml"
Aug 02 08:07:00 symfony [info] {WTVR Data} "Prepare SOLR Query "http://localhost:8080/constellation/select/?q=screening_date%3A+%5B2012-08-02T18%3A07%3A00Z+TO+2012-08-02T18%3A12%3A00Z+%5D+AND+screening_paid_status%3A+2&version=2.2&indent=on&rows=50&start=0&sort=screening_date+asc%2C&fl=screening_film_name,screening_film_alt_name,screening_film_makers,screening_film_production_company,screening_film_logo,screening_film_trailer_file,screening_film_movie_file,screening_film_maker_message,screening_film_ticket_price,screening_film_status,screening_film_featured,screening_film_created_at,screening_film_updated_at,screening_film_setup_price,screening_film_info,screening_film_cast,screening_film_running_time,screening_film_total_seats,screening_film_short_name,screening_film_synopsis,screening_film_still_image,screening_film_geoblocking_enabled,screening_film_geoblocking_type,screening_film_short_url,screening_film_id,screening_user_id,screening_highlighted,screening_user_image,screening_user_photo_url,screening_user_full_name,screening_user_bio,screening_name,screening_date,screening_end_time,screening_default_timezone_id,screening_description,screening_unique_key,screening_total_seats,screening_id,screening_guest_image,screening_still_image,score&bq=""
Aug 02 08:07:10 symfony [info] {sfPatternRouting} Match route "homepage" (/) for / with parameters array (  'module' => 'default',  'action' => 'index',)
Aug 02 08:07:10 symfony [info] {Data Map File} "/home/amadsen/html/sites/dev.constellation.tv/branches/prod/public/lib/widgets/ReminderEmail/query/Screening_list_datamap.xml"
Aug 02 08:07:30 symfony [info] {sfPatternRouting} Match route "homepage" (/) for / with parameters array (  'module' => 'default',  'action' => 'index',)
Aug 02 08:07:30 symfony [info] {Data Map File} "/home/amadsen/html/sites/dev.constellation.tv/branches/prod/public/lib/widgets/ReminderEmail/query/Screening_list_datamap.xml"
Aug 02 08:07:57 symfony [info] {sfPatternRouting} Match route "homepage" (/) for / with parameters array (  'module' => 'default',  'action' => 'index',)
Aug 02 08:07:57 symfony [info] {Data Map File} "/home/amadsen/html/sites/dev.constellation.tv/branches/prod/public/lib/widgets/SolrManager/query/Screening_list_datamap.xml"
Aug 02 08:07:58 symfony [info] {WTVR Data} "Execute Propel Query Without Limits "film_list_datamap""
Aug 02 08:07:58 symfony [info] {WTVR Data} "Execute Propel Query With Limits "film_list_datamap""
Aug 02 08:07:58 symfony [info] {Data Map File} "/home/amadsen/html/sites/dev.constellation.tv/branches/prod/public/lib/widgets/SolrManager/query/Review_list_datamap.xml"
Aug 02 08:07:58 symfony [info] {WTVR Data} "Execute Propel Query Without Limits "audience_list_datamap""
Aug 02 08:07:58 symfony [info] {WTVR Data} "Execute Propel Query With Limits "audience_list_datamap""
Aug 02 08:07:58 symfony [info] {Data Map File} "/home/amadsen/html/sites/dev.constellation.tv/branches/prod/public/lib/widgets/SolrManager/query/FilmGenre_list_datamap.xml"
Aug 02 08:07:58 symfony [info] {WTVR Data} "Execute Propel Query Without Limits "film_info_list_datamap""
Aug 02 08:07:58 symfony [info] {WTVR Data} "Execute Propel Query With Limits "film_info_list_datamap""
Aug 02 08:07:58 symfony [info] {Data Map File} "/home/amadsen/html/sites/dev.constellation.tv/branches/prod/public/lib/widgets/SolrManager/query/FilmInfo_list_datamap.xml"
Aug 02 08:07:58 symfony [info] {WTVR Data} "Execute Propel Query Without Limits "film_info_list_datamap""
Aug 02 08:07:58 symfony [info] {WTVR Data} "Execute Propel Query With Limits "film_info_list_datamap""
Aug 02 08:07:58 symfony [info] {sfPartialView} Render "/home/amadsen/html/sites/dev.constellation.tv/branches/prod/public/lib/widgets/SolrManager/SolrManager.template.php"
Aug 02 08:08:01 symfony [info] {sfPatternRouting} Match route "homepage" (/) for / with parameters array (  'module' => 'default',  'action' => 'index',)
Aug 02 08:08:01 symfony [info] {Data Map File} "/home/amadsen/html/sites/dev.constellation.tv/branches/prod/public/lib/widgets/ReminderEmail/query/Screening_list_datamap.xml"
Aug 02 08:08:12 symfony [info] {sfPatternRouting} Match route "homepage" (/) for / with parameters array (  'module' => 'default',  'action' => 'index',)
Aug 02 08:08:12 symfony [info] {Data Map File} "/home/amadsen/html/sites/dev.constellation.tv/branches/prod/public/lib/widgets/ReminderEmail/query/Screening_list_datamap.xml"
Aug 02 08:08:12 symfony [info] {WTVR Data} "Prepare SOLR Query "http://localhost:8080/constellation/select/?q=screening_date%3A+%5B2012-08-02T18%3A08%3A12Z+TO+2012-08-02T18%3A13%3A12Z+%5D+AND+screening_paid_status%3A+2&version=2.2&indent=on&rows=50&start=0&sort=screening_date+asc%2C&fl=screening_film_name,screening_film_alt_name,screening_film_makers,screening_film_production_company,screening_film_logo,screening_film_trailer_file,screening_film_movie_file,screening_film_maker_message,screening_film_ticket_price,screening_film_status,screening_film_featured,screening_film_created_at,screening_film_updated_at,screening_film_setup_price,screening_film_info,screening_film_cast,screening_film_running_time,screening_film_total_seats,screening_film_short_name,screening_film_synopsis,screening_film_still_image,screening_film_geoblocking_enabled,screening_film_geoblocking_type,screening_film_short_url,screening_film_id,screening_user_id,screening_highlighted,screening_user_image,screening_user_photo_url,screening_user_full_name,screening_user_bio,screening_name,screening_date,screening_end_time,screening_default_timezone_id,screening_description,screening_unique_key,screening_total_seats,screening_id,screening_guest_image,screening_still_image,score&bq=""
Aug 02 08:08:24 symfony [info] {sfPatternRouting} Match route "homepage" (/) for / with parameters array (  'module' => 'default',  'action' => 'index',)
Aug 02 08:08:24 symfony [info] {Data Map File} "/home/amadsen/html/sites/dev.constellation.tv/branches/prod/public/lib/widgets/ReminderEmail/query/Screening_list_datamap.xml"
Aug 02 08:08:24 symfony [info] {WTVR Data} "Prepare SOLR Query "http://localhost:8080/constellation/select/?q=screening_date%3A+%5B2012-08-02T18%3A08%3A24Z+TO+2012-08-02T18%3A13%3A24Z+%5D+AND+screening_paid_status%3A+2&version=2.2&indent=on&rows=50&start=0&sort=screening_date+asc%2C&fl=screening_film_name,screening_film_alt_name,screening_film_makers,screening_film_production_company,screening_film_logo,screening_film_trailer_file,screening_film_movie_file,screening_film_maker_message,screening_film_ticket_price,screening_film_status,screening_film_featured,screening_film_created_at,screening_film_updated_at,screening_film_setup_price,screening_film_info,screening_film_cast,screening_film_running_time,screening_film_total_seats,screening_film_short_name,screening_film_synopsis,screening_film_still_image,screening_film_geoblocking_enabled,screening_film_geoblocking_type,screening_film_short_url,screening_film_id,screening_user_id,screening_highlighted,screening_user_image,screening_user_photo_url,screening_user_full_name,screening_user_bio,screening_name,screening_date,screening_end_time,screening_default_timezone_id,screening_description,screening_unique_key,screening_total_seats,screening_id,screening_guest_image,screening_still_image,score&bq=""
Aug 02 08:08:24 symfony [info] {Data Map File} "/home/amadsen/html/sites/dev.constellation.tv/branches/prod/public/lib/widgets/ReminderEmail/query/ReminderEmail_list_datamap.xml"
Aug 02 08:08:24 symfony [info] {WTVR Data} "Prepare SOLR Query "http://localhost:8080/constellation/select/?q=audience_screening_id%3A+23395+AND+audience_paid_status%3A+2&version=2.2&indent=on&rows=10000&start=0&sort=screening_date+asc%2C&fl=audience_id,audience_film_id,audience_film_name,audience_film_alt_name,audience_film_still_image,audience_film_logo,audience_user_id,audience_user_email,audience_screening_name,audience_screening_date,audience_screening_end_time,audience_screening_id,audience_screening_description,audience_screening_still_image,audience_screening_constellation_image,audience_invite_code,audience_short_url,audience_paid_status,audience_ticket_price,audience_screening_user_id,audience_screening_user_full_name,audience_screening_user_photo_url,audience_screening_user_image,audience_screening_timezone_id,score&bq=""
Aug 02 08:08:24 symfony [info] {sfPartialView} Render "/home/amadsen/html/sites/dev.constellation.tv/branches/prod/public/lib/widgets/MessageManager/Reminder_html.template.php"
Aug 02 08:08:24 symfony [info] {sfPartialView} Render "/home/amadsen/html/sites/dev.constellation.tv/branches/prod/public/lib/widgets/MessageManager/Reminder_text.template.php"
Aug 02 08:08:27 symfony [info] {sfPartialView} Render "/home/amadsen/html/sites/dev.constellation.tv/branches/prod/public/lib/widgets/MessageManager/Reminder_html.template.php"
Aug 02 08:08:27 symfony [info] {sfPartialView} Render "/home/amadsen/html/sites/dev.constellation.tv/branches/prod/public/lib/widgets/MessageManager/Reminder_text.template.php"
Aug 02 08:08:27 symfony [info] {Data Map File} "/home/amadsen/html/sites/dev.constellation.tv/branches/prod/public/lib/widgets/ReminderEmail/query/ScreeningReminder_list_datamap.xml"
Aug 02 08:08:27 symfony [info] {WTVR Data} "Execute Propel Query Without Limits "screening_reminder_list_datamap""
Aug 02 08:08:27 symfony [info] {WTVR Data} "Execute Propel Query With Limits "screening_reminder_list_datamap""
Aug 02 08:08:27 symfony [info] {sfPartialView} Render "/home/amadsen/html/sites/dev.constellation.tv/branches/prod/public/lib/widgets/ReminderEmail/ReminderEmail.template.php"
