TICKET:: 8UmFgXtNfQ | MESSAGE:: [FP: WIN 10,3,181,14][ver: 0.2.36][Pt: 2334][ft: f4m] [curTime: 2393.866][curIndex: 4][Buffer: 32.062][BW: 4497.00][Avg BW: 4722.03][Peak BW: 9585.00] Log Status Timer | DATE:: 2011-11-29 01:40:02.686497 | PORT:: 17095
TICKET:: 8UmFgXtNfQ | MESSAGE:: [FP: WIN 10,3,181,14][ver: 0.2.36][Pt: 2392][ft: f4m] [curTime: 2453.973][curIndex: 4][Buffer: 30.996][BW: 2012.00][Avg BW: 3085.81][Peak BW: 9585.00] Log Status Timer | DATE:: 2011-11-29 01:41:02.744624 | PORT:: 17095
TICKET:: 8UmFgXtNfQ | MESSAGE:: [FP: WIN 10,3,181,14][ver: 0.2.36][Pt: 2450][ft: f4m] [curTime: 2513.962][curIndex: 4][Buffer: 32.03][BW: 4248.00][Avg BW: 3903.42][Peak BW: 9585.00] Log Status Timer | DATE:: 2011-11-29 01:42:02.756948 | PORT:: 17095
TICKET:: 8UmFgXtNfQ | MESSAGE:: [FP: WIN 10,3,181,14][ver: 0.2.36][Pt: 2509][ft: f4m] [curTime: 2573.966][curIndex: 4][Buffer: 31.953][BW: 7467.00][Avg BW: 4780.35][Peak BW: 9585.00] Log Status Timer | DATE:: 2011-11-29 01:43:02.806580 | PORT:: 17095
TICKET:: 8UmFgXtNfQ | MESSAGE:: [FP: WIN 10,3,181,14][ver: 0.2.36][Pt: 2567][ft: f4m] [curTime: 2633.966][curIndex: 4][Buffer: 31.962][BW: 6711.00][Avg BW: 6533.39][Peak BW: 9692.00] Log Status Timer | DATE:: 2011-11-29 01:44:02.835776 | PORT:: 17095
TICKET:: 8UmFgXtNfQ | MESSAGE:: [FP: WIN 10,3,181,14][ver: 0.2.36][Pt: 2625][ft: f4m] [curTime: 2694][curIndex: 4][Buffer: 31.919][BW: 3976.00][Avg BW: 3712.84][Peak BW: 9692.00] Log Status Timer | DATE:: 2011-11-29 01:45:02.807220 | PORT:: 17095
TICKET:: 8UmFgXtNfQ | MESSAGE:: [FP: WIN 10,3,181,14][ver: 0.2.36][Pt: 2684][ft: f4m] [curTime: 2754][curIndex: 4][Buffer: 29.348][BW: 3482.00][Avg BW: 2868.35][Peak BW: 9692.00] Log Status Timer | DATE:: 2011-11-29 01:46:02.827930 | PORT:: 17095
TICKET:: 8UmFgXtNfQ | MESSAGE:: [FP: WIN 10,3,181,14][ver: 0.2.36][Pt: 2742][ft: f4m] [curTime: 2814.208][curIndex: 4][Buffer: 31.886][BW: 5178.00][Avg BW: 4437.65][Peak BW: 9692.00] Log Status Timer | DATE:: 2011-11-29 01:47:02.834853 | PORT:: 17095
TICKET:: 8UmFgXtNfQ | MESSAGE:: [FP: WIN 10,3,181,14][ver: 0.2.36][Pt: 2800][ft: f4m] [curTime: 2874.1][curIndex: 4][Buffer: 31.83][BW: 6143.00][Avg BW: 5573.45][Peak BW: 9692.00] Log Status Timer | DATE:: 2011-11-29 01:48:02.921595 | PORT:: 17095
TICKET:: 8UmFgXtNfQ | MESSAGE:: [FP: WIN 10,3,181,14][ver: 0.2.36][Pt: 2859][ft: f4m] [curTime: 2934.1][curIndex: 4][Buffer: 31.265][BW: 8242.00][Avg BW: 3469.81][Peak BW: 9692.00] Log Status Timer | DATE:: 2011-11-29 01:49:02.937741 | PORT:: 17095
TICKET:: 8UmFgXtNfQ | MESSAGE:: [FP: WIN 10,3,181,14][ver: 0.2.36][Pt: 2917][ft: f4m] [curTime: 2994.133][curIndex: 4][Buffer: 29.492][BW: 2840.00][Avg BW: 3586.77][Peak BW: 9692.00] Log Status Timer | DATE:: 2011-11-29 01:50:02.968610 | PORT:: 17095
TICKET:: 8UmFgXtNfQ | MESSAGE:: [FP: WIN 10,3,181,14][ver: 0.2.36][Pt: 2975][ft: f4m] [curTime: 3054.133][curIndex: 4][Buffer: 31.786][BW: 4836.00][Avg BW: 5264.39][Peak BW: 9692.00] Log Status Timer | DATE:: 2011-11-29 01:51:02.981682 | PORT:: 17095
TICKET:: 8UmFgXtNfQ | MESSAGE:: [FP: WIN 10,3,181,14][ver: 0.2.36][Pt: 3034][ft: f4m] [curTime: 3114.304][curIndex: 4][Buffer: 31.729][BW: 4998.00][Avg BW: 4295.81][Peak BW: 9692.00] Log Status Timer | DATE:: 2011-11-29 01:52:03.013415 | PORT:: 17095
TICKET:: 8UmFgXtNfQ | MESSAGE:: [FP: WIN 10,3,181,14][ver: 0.2.36][Pt: 3092][ft: f4m] [curTime: 3174.2][curIndex: 4][Buffer: 30.353][BW: 3186.00][Avg BW: 3556.06][Peak BW: 9692.00] Log Status Timer | DATE:: 2011-11-29 01:53:03.055220 | PORT:: 17095
TICKET:: 8UmFgXtNfQ | MESSAGE:: [FP: WIN 10,3,181,14][ver: 0.2.36][Pt: 3150][ft: f4m] [curTime: 3234.24][curIndex: 4][Buffer: 31.467][BW: 2764.00][Avg BW: 3003.81][Peak BW: 9692.00] Log Status Timer | DATE:: 2011-11-29 01:54:03.046046 | PORT:: 17095
TICKET:: 8UmFgXtNfQ | MESSAGE:: [FP: WIN 10,3,181,14][ver: 0.2.36][Pt: 3209][ft: f4m] [curTime: 3294.233][curIndex: 4][Buffer: 31.686][BW: 6239.00][Avg BW: 3471.68][Peak BW: 9692.00] Log Status Timer | DATE:: 2011-11-29 01:55:03.063222 | PORT:: 17095
TICKET:: 8UmFgXtNfQ | MESSAGE:: [FP: WIN 10,3,181,14][ver: 0.2.36][Pt: 3267][ft: f4m] [curTime: 3354.3][curIndex: 4][Buffer: 31.63][BW: 6101.00][Avg BW: 4996.52][Peak BW: 9692.00] Log Status Timer | DATE:: 2011-11-29 01:56:03.117056 | PORT:: 17095
TICKET:: 8UmFgXtNfQ | MESSAGE:: [FP: WIN 10,3,181,14][ver: 0.2.36][Pt: 3325][ft: f4m] [curTime: 3414.333][curIndex: 4][Buffer: 31.586][BW: 1876.00][Avg BW: 3326.45][Peak BW: 9692.00] Log Status Timer | DATE:: 2011-11-29 01:57:03.146724 | PORT:: 17095
TICKET:: 8UmFgXtNfQ | MESSAGE:: [FP: WIN 10,3,181,14][ver: 0.2.36][Pt: 3384][ft: f4m] [curTime: 3474.474][curIndex: 4][Buffer: 30.582][BW: 3088.00][Avg BW: 3962.87][Peak BW: 9692.00] Log Status Timer | DATE:: 2011-11-29 01:58:03.216697 | PORT:: 17095
TICKET:: 8UmFgXtNfQ | MESSAGE:: [FP: WIN 10,3,181,14][ver: 0.2.36][Pt: 3442][ft: f4m] [curTime: 3534.433][curIndex: 4][Buffer: 31.486][BW: 7058.00][Avg BW: 5463.03][Peak BW: 9692.00] Log Status Timer | DATE:: 2011-11-29 01:59:03.223839 | PORT:: 17095
TICKET:: 8UmFgXtNfQ | MESSAGE:: [FP: WIN 10,3,181,14][ver: 0.2.36][Pt: 3500][ft: f4m] [curTime: 3594.466][curIndex: 4][Buffer: 31.462][BW: 4122.00][Avg BW: 4409.42][Peak BW: 9692.00] Log Status Timer | DATE:: 2011-11-29 02:00:03.274207 | PORT:: 17095
TICKET:: 8UmFgXtNfQ | MESSAGE:: [FP: WIN 10,3,181,14][ver: 0.2.36][Pt: 3559][ft: f4m] [curTime: 3654.634][curIndex: 4][Buffer: 31.386][BW: 5430.00][Avg BW: 4571.13][Peak BW: 9692.00] Log Status Timer | DATE:: 2011-11-29 02:01:03.348893 | PORT:: 17095
TICKET:: 8UmFgXtNfQ | MESSAGE:: [FP: WIN 10,3,181,14][ver: 0.2.36][Pt: 3597][ft: f4m] [curTime: 3693.9][curIndex: 3][Buffer: 31][BW: 3233.00][Avg BW: 3548.23][Peak BW: 9692.00] [OSMF] [INFO] [org.osmf.net.NetStreamLoadTrait] NetStream.Play.Transition | DATE:: 2011-11-29 02:01:42.782148 | PORT:: 17095
TICKET:: 8UmFgXtNfQ | MESSAGE:: [FP: WIN 10,3,181,14][ver: 0.2.36][Pt: 3597][ft: f4m] [curTime: 3694.4][curIndex: 3][Buffer: 31.519][BW: 3233.00][Avg BW: 3548.23][Peak BW: 9692.00] [OSMF] [INFO] [org.osmf.net.NetStreamLoadTrait] NetStream.Play.Transition | DATE:: 2011-11-29 02:01:43.207522 | PORT:: 17095
TICKET:: 8UmFgXtNfQ | MESSAGE:: [FP: WIN 10,3,181,14][ver: 0.2.36][Pt: 3598][ft: f4m] [curTime: 3695.082][curIndex: 3][Buffer: 31.019][BW: 3515.00][Avg BW: 3513.45][Peak BW: 9692.00] [OSMF] [INFO] [org.osmf.net.NetStreamLoadTrait] NetStream.Play.Transition | DATE:: 2011-11-29 02:01:43.728846 | PORT:: 17095
TICKET:: 8UmFgXtNfQ | MESSAGE:: [FP: WIN 10,3,181,14][ver: 0.2.36][Pt: 3598][ft: f4m] [curTime: 3695.466][curIndex: 3][Buffer: 30.452][BW: 3515.00][Avg BW: 3513.45][Peak BW: 9692.00] [OSMF] [INFO] [org.osmf.net.NetStreamLoadTrait] NetStream.Play.Transition | DATE:: 2011-11-29 02:01:44.274381 | PORT:: 17095
TICKET:: 8UmFgXtNfQ | MESSAGE:: [FP: WIN 10,3,181,14][ver: 0.2.36][Pt: 3617][ft: f4m] [curTime: 3714.566][curIndex: 3][Buffer: 31.363][BW: 2064.00][Avg BW: 2419.06][Peak BW: 9692.00] Log Status Timer | DATE:: 2011-11-29 02:02:03.366401 | PORT:: 17095
TICKET:: 8UmFgXtNfQ | MESSAGE:: [FP: WIN 10,3,181,14][ver: 0.2.36][Pt: 3630][ft: f4m] [curTime: 3728.277][curIndex: 3][Buffer: 31.758][BW: 4146.00][Avg BW: 2136.48][Peak BW: 9692.00] [OSMF] [INFO] [org.osmf.net.NetStreamLoadTrait] NetStream.Play.Transition | DATE:: 2011-11-29 02:02:16.951550 | PORT:: 17095
TICKET:: 8UmFgXtNfQ | MESSAGE:: [FP: WIN 10,3,181,14][ver: 0.2.36][Pt: 3645][ft: f4m] [curTime: 3742.869][curIndex: 3][Buffer: 31.704][BW: 3256.00][Avg BW: 3011.42][Peak BW: 9692.00] [OSMF] [INFO] [org.osmf.net.NetStreamLoadTrait] NetStream.Play.Transition | DATE:: 2011-11-29 02:02:31.612150 | PORT:: 17095
TICKET:: 8UmFgXtNfQ | MESSAGE:: [FP: WIN 10,3,181,14][ver: 0.2.36][Pt: 3654][ft: f4m] [curTime: 3752.3][curIndex: 3][Buffer: 33.14][BW: 4442.00][Avg BW: 3300.77][Peak BW: 9692.00] [OSMF] [INFO] [org.osmf.net.NetStreamLoadTrait] NetStream.Play.Transition | DATE:: 2011-11-29 02:02:41.119162 | PORT:: 17095
TICKET:: 8UmFgXtNfQ | MESSAGE:: [FP: WIN 10,3,181,14][ver: 0.2.36][Pt: 3663][ft: f4m] [curTime: 3762.166][curIndex: 4][Buffer: 33.034][BW: 1797.00][Avg BW: 3301.97][Peak BW: 9692.00] [OSMF] [INFO] [org.osmf.net.NetStreamLoadTrait] NetStream.Play.Transition | DATE:: 2011-11-29 02:02:50.948934 | PORT:: 17095
TICKET:: 8UmFgXtNfQ | MESSAGE:: [FP: WIN 10,3,181,14][ver: 0.2.36][Pt: 3675][ft: f4m] [curTime: 3774.677][curIndex: 4][Buffer: 30.457][BW: 2180.00][Avg BW: 2770.23][Peak BW: 9692.00] Log Status Timer | DATE:: 2011-11-29 02:03:03.379962 | PORT:: 17095
TICKET:: 8UmFgXtNfQ | MESSAGE:: [FP: WIN 10,3,181,14][ver: 0.2.36][Pt: 3699][ft: f4m] [curTime: 3799.424][curIndex: 3][Buffer: 30.652][BW: 4842.00][Avg BW: 3990.42][Peak BW: 9692.00] [OSMF] [INFO] [org.osmf.net.NetStreamLoadTrait] NetStream.Play.Transition | DATE:: 2011-11-29 02:03:28.094177 | PORT:: 17095
TICKET:: 8UmFgXtNfQ | MESSAGE:: [FP: WIN 10,3,181,14][ver: 0.2.36][Pt: 3700][ft: f4m] [curTime: 3799.8][curIndex: 3][Buffer: 30.119][BW: 4842.00][Avg BW: 4088.65][Peak BW: 9692.00] [OSMF] [INFO] [org.osmf.net.NetStreamLoadTrait] NetStream.Play.Transition | DATE:: 2011-11-29 02:03:28.606464 | PORT:: 17095
TICKET:: 8UmFgXtNfQ | MESSAGE:: [FP: WIN 10,3,181,14][ver: 0.2.36][Pt: 3700][ft: f4m] [curTime: 3800.405][curIndex: 3][Buffer: 29.586][BW: 4842.00][Avg BW: 4088.65][Peak BW: 9692.00] [OSMF] [INFO] [org.osmf.net.NetStreamLoadTrait] NetStream.Play.Transition | DATE:: 2011-11-29 02:03:29.162258 | PORT:: 17095
TICKET:: 8UmFgXtNfQ | MESSAGE:: [FP: WIN 10,3,181,14][ver: 0.2.36][Pt: 3701][ft: f4m] [curTime: 3800.866][curIndex: 3][Buffer: 29.062][BW: 4842.00][Avg BW: 4186.87][Peak BW: 9692.00] [OSMF] [INFO] [org.osmf.net.NetStreamLoadTrait] NetStream.Play.Transition | DATE:: 2011-11-29 02:03:29.653532 | PORT:: 17095
TICKET:: 8UmFgXtNfQ | MESSAGE:: [FP: WIN 10,3,181,14][ver: 0.2.36][Pt: 3732][ft: f4m] [curTime: 3832.466][curIndex: 3][Buffer: 33.462][BW: 2502.00][Avg BW: 3078.42][Peak BW: 9692.00] [OSMF] [INFO] [org.osmf.net.NetStreamLoadTrait] NetStream.Play.Transition | DATE:: 2011-11-29 02:04:01.217027 | PORT:: 17095
TICKET:: 8UmFgXtNfQ | MESSAGE:: [FP: WIN 10,3,181,14][ver: 0.2.36][Pt: 3734][ft: f4m] [curTime: 3834.624][curIndex: 3][Buffer: 31.329][BW: 2502.00][Avg BW: 2927.45][Peak BW: 9692.00] Log Status Timer | DATE:: 2011-11-29 02:04:03.383282 | PORT:: 17095
TICKET:: 8UmFgXtNfQ | MESSAGE:: [FP: WIN 10,3,181,14][ver: 0.2.36][Pt: 3743][ft: f4m] [curTime: 3844.466][curIndex: 4][Buffer: 31.446][BW: 1146.00][Avg BW: 2946.42][Peak BW: 9692.00] [OSMF] [INFO] [org.osmf.net.NetStreamLoadTrait] NetStream.Play.Transition | DATE:: 2011-11-29 02:04:13.248853 | PORT:: 17095
TICKET:: 8UmFgXtNfQ | MESSAGE:: [FP: WIN 10,3,181,14][ver: 0.2.36][Pt: 3792][ft: f4m] [curTime: 3894.72][curIndex: 4][Buffer: 31.319][BW: 3399.00][Avg BW: 4279.39][Peak BW: 9692.00] Log Status Timer | DATE:: 2011-11-29 02:05:03.393582 | PORT:: 17095
TICKET:: 8UmFgXtNfQ | MESSAGE:: [FP: WIN 10,3,181,14][ver: 0.2.36][Pt: 3807][ft: f4m] [curTime: 3910.366][curIndex: 3][Buffer: 27.601][BW: 514.00][Avg BW: 4125.03][Peak BW: 9692.00] [OSMF] [INFO] [org.osmf.net.NetStreamLoadTrait] NetStream.Play.Transition | DATE:: 2011-11-29 02:05:19.190213 | PORT:: 17095
TICKET:: 8UmFgXtNfQ | MESSAGE:: [FP: WIN 10,3,181,14][ver: 0.2.36][Pt: 3807][ft: f4m] [curTime: 3910.9][curIndex: 3][Buffer: 29.014][BW: 514.00][Avg BW: 4125.03][Peak BW: 9692.00] [OSMF] [INFO] [org.osmf.net.NetStreamLoadTrait] NetStream.Play.Transition | DATE:: 2011-11-29 02:05:19.682706 | PORT:: 17095
TICKET:: 8UmFgXtNfQ | MESSAGE:: [FP: WIN 10,3,181,14][ver: 0.2.36][Pt: 3808][ft: f4m] [curTime: 3911.573][curIndex: 3][Buffer: 28.523][BW: 514.00][Avg BW: 4026.58][Peak BW: 9692.00] [OSMF] [INFO] [org.osmf.net.NetStreamLoadTrait] NetStream.Play.Transition | DATE:: 2011-11-29 02:05:20.166569 | PORT:: 17095
TICKET:: 8UmFgXtNfQ | MESSAGE:: [FP: WIN 10,3,181,14][ver: 0.2.36][Pt: 3808][ft: f4m] [curTime: 3912][curIndex: 3][Buffer: 27.99][BW: 514.00][Avg BW: 4026.58][Peak BW: 9692.00] [OSMF] [INFO] [org.osmf.net.NetStreamLoadTrait] NetStream.Play.Transition | DATE:: 2011-11-29 02:05:20.740358 | PORT:: 17095
TICKET:: 8UmFgXtNfQ | MESSAGE:: [FP: WIN 10,3,181,14][ver: 0.2.36][Pt: 3837][ft: f4m] [curTime: 3942.1][curIndex: 4][Buffer: 33.825][BW: 3145.00][Avg BW: 2793.39][Peak BW: 9692.00] [OSMF] [INFO] [org.osmf.net.NetStreamLoadTrait] NetStream.Play.Transition | DATE:: 2011-11-29 02:05:50.884483 | PORT:: 17095
TICKET:: 8UmFgXtNfQ | MESSAGE:: [FP: WIN 10,3,181,14][ver: 0.2.36][Pt: 3850][ft: f4m] [curTime: 3954.633][curIndex: 4][Buffer: 31.296][BW: 6288.00][Avg BW: 3283.06][Peak BW: 9692.00] Log Status Timer | DATE:: 2011-11-29 02:06:03.429720 | PORT:: 17095
TICKET:: 8UmFgXtNfQ | MESSAGE:: [FP: WIN 10,3,181,14][ver: 0.2.36][Pt: 3908][ft: f4m] [curTime: 4014.805][curIndex: 4][Buffer: 31.252][BW: 5167.00][Avg BW: 5057.94][Peak BW: 9692.00] Log Status Timer | DATE:: 2011-11-29 02:07:03.458429 | PORT:: 17095
TICKET:: 8UmFgXtNfQ | MESSAGE:: [FP: WIN 10,3,181,14][ver: 0.2.36][Pt: 3966][ft: f4m] [curTime: 4074.666][curIndex: 4][Buffer: 31.262][BW: 5471.00][Avg BW: 3647.35][Peak BW: 9692.00] Log Status Timer | DATE:: 2011-11-29 02:08:03.503132 | PORT:: 17095
TICKET:: YiHhBkEIJ5 | MESSAGE:: [FP: WIN 11,1,102,55][ver: 0.2.36][Pt: 0][ft: SMIL] [curTime: 0][curIndex: 0][Buffer: 0][BW: NaN][Avg BW: NaN][Peak BW: 0.00] [tokenService][INFO]User has valid ticket : Attempting Token | DATE:: 2011-11-29 02:08:39.593080 | PORT:: 17092
TICKET:: YiHhBkEIJ5 | MESSAGE:: [FP: WIN 11,1,102,55][ver: 0.2.36][Pt: 0][ft: SMIL] [curTime: 0][curIndex: 0][Buffer: 0][BW: NaN][Avg BW: NaN][Peak BW: 0.00] [tokenService][DEBUG]rawString 
{"fileURL":"http:\/\/conencrypzeri-f.akamaihd.net\/z\/movies\/65\/movie-,min,low,small,medium,large,.mov.csmil\/manifest.f4m"}  filePath  http://conencrypzeri-f.akamaihd.net/z/movies/65/movie-,min,low,small,medium,large,.mov.csmil/manifest.f4m | DATE:: 2011-11-29 02:08:39.908976 | PORT:: 17092
TICKET:: YiHhBkEIJ5 | MESSAGE:: [FP: WIN 11,1,102,55][ver: 0.2.36][Pt: 0][ft: f4m] [curTime: 0][curIndex: 0][Buffer: 0][BW: NaN][Avg BW: NaN][Peak BW: 0.00] [videoView][DEBUG]LOAD MEDIA @ http://conencrypzeri-f.akamaihd.net/z/movies/65/movie-,min,low,small,medium,large,.mov.csmil/manifest.f4m | DATE:: 2011-11-29 02:08:39.931430 | PORT:: 17092
TICKET:: YiHhBkEIJ5 | MESSAGE:: [FP: WIN 11,1,102,55][ver: 0.2.36][Pt: 0][ft: f4m] [curTime: 0][curIndex: 0][Buffer: 0][BW: NaN][Avg BW: NaN][Peak BW: 0.00] [videoView][INFO]Attempting to load media http://conencrypzeri-f.akamaihd.net/z/movies/65/movie-,min,low,small,medium,large,.mov.csmil/manifest.f4m | DATE:: 2011-11-29 02:08:39.943124 | PORT:: 17092
TICKET:: YiHhBkEIJ5 | MESSAGE:: [FP: WIN 11,1,102,55][ver: 0.2.36][Pt: 0][ft: f4m] [curTime: 0][curIndex: 0][Buffer: 0][BW: NaN][Avg BW: NaN][Peak BW: 0.00] [INFO][DEBUG]Attempting to load media from MediaElement | DATE:: 2011-11-29 02:08:39.964493 | PORT:: 17092
TICKET:: YiHhBkEIJ5 | MESSAGE:: [FP: WIN 11,1,102,55][ver: 0.2.36][Pt: 0][ft: f4m] [curTime: 0][curIndex: 0][Buffer: 0][BW: NaN][Avg BW: NaN][Peak BW: 0.00] [videoView][DEBUG]Change in STATE:loading  MP canPlay false canSeek false seekInto point 517 | DATE:: 2011-11-29 02:08:39.987894 | PORT:: 17092
TICKET:: YiHhBkEIJ5 | MESSAGE:: [FP: WIN 11,1,102,55][ver: 0.2.36][Pt: 0][ft: f4m] [curTime: 0][curIndex: 0][Buffer: 0][BW: NaN][Avg BW: NaN][Peak BW: 0.00] [videoView][INFO]media load state change :loading | DATE:: 2011-11-29 02:08:40.007244 | PORT:: 17092
TICKET:: YiHhBkEIJ5 | MESSAGE:: [FP: WIN 11,1,102,55][ver: 0.2.36][Pt: 0][ft: f4m] [curTime: 0][curIndex: 0][Buffer: 0][BW: NaN][Avg BW: NaN][Peak BW: 0.00] [videoView][INFO]media load state change :loading | DATE:: 2011-11-29 02:08:40.023739 | PORT:: 17092
TICKET:: YiHhBkEIJ5 | MESSAGE:: [FP: WIN 11,1,102,55][ver: 0.2.36][Pt: 0][ft: f4m] [curTime: 0][curIndex: 0][Buffer: 0][BW: NaN][Avg BW: NaN][Peak BW: 0.00] [OSMF] [INFO] [org.osmf.net.NetStreamLoadTrait] NetConnection.Connect.Closed | DATE:: 2011-11-29 02:08:40.041873 | PORT:: 17092
TICKET:: YiHhBkEIJ5 | MESSAGE:: [FP: WIN 11,1,102,55][ver: 0.2.36][Pt: 0][ft: f4m] [curTime: 0][curIndex: 0][Buffer: 0][BW: NaN][Avg BW: NaN][Peak BW: 0.00] [OSMF] [INFO] [org.osmf.net.NetStreamLoadTrait] NetConnection.Connect.Success | DATE:: 2011-11-29 02:08:40.064546 | PORT:: 17092
TICKET:: YiHhBkEIJ5 | MESSAGE:: [FP: WIN 11,1,102,55][ver: 0.2.36][Pt: 0][ft: f4m] [curTime: 0][curIndex: 0][Buffer: 0][BW: NaN][Avg BW: NaN][Peak BW: 0.00] [videoView][DEBUG]buffer Trait 0 length TIME 0 | DATE:: 2011-11-29 02:08:40.085756 | PORT:: 17092
TICKET:: YiHhBkEIJ5 | MESSAGE:: [FP: WIN 11,1,102,55][ver: 0.2.36][Pt: 0][ft: f4m] [curTime: 0][curIndex: 0][Buffer: 0][BW: NaN][Avg BW: NaN][Peak BW: 0.00] [videoView][DEBUG] onDurationChange:  durationChange duration NaN | DATE:: 2011-11-29 02:08:40.101196 | PORT:: 17092
TICKET:: YiHhBkEIJ5 | MESSAGE:: [FP: WIN 11,1,102,55][ver: 0.2.36][Pt: 0][ft: f4m] [curTime: 0][curIndex: 0][Buffer: 0][BW: NaN][Avg BW: NaN][Peak BW: 0.00] [videoView][DEBUG]onCanPauseEvent: canPauseChange  canPause: true | DATE:: 2011-11-29 02:08:40.124856 | PORT:: 17092
TICKET:: YiHhBkEIJ5 | MESSAGE:: [FP: WIN 11,1,102,55][ver: 0.2.36][Pt: 0][ft: f4m] [curTime: 0][curIndex: 0][Buffer: 0][BW: NaN][Avg BW: NaN][Peak BW: 0.00] [videoView][DEBUG]Change in STATE:ready  MP canPlay true canSeek false seekInto point 517 | DATE:: 2011-11-29 02:08:40.147697 | PORT:: 17092
TICKET:: YiHhBkEIJ5 | MESSAGE:: [FP: WIN 11,1,102,55][ver: 0.2.36][Pt: 0][ft: f4m] [curTime: 0][curIndex: 0][Buffer: 0][BW: NaN][Avg BW: NaN][Peak BW: 0.00] [videoView][DEBUG]Change in STATE:playing  MP canPlay true canSeek false seekInto point 517 | DATE:: 2011-11-29 02:08:40.179118 | PORT:: 17092
TICKET:: YiHhBkEIJ5 | MESSAGE:: [FP: WIN 11,1,102,55][ver: 0.2.36][Pt: 0][ft: f4m] [curTime: 0][curIndex: 0][Buffer: 0][BW: NaN][Avg BW: NaN][Peak BW: 0.00] [videoView][INFO]media load state change :ready | DATE:: 2011-11-29 02:08:40.193500 | PORT:: 17092
TICKET:: YiHhBkEIJ5 | MESSAGE:: [FP: WIN 11,1,102,55][ver: 0.2.36][Pt: 0][ft: f4m] [curTime: 0][curIndex: 0][Buffer: 0][BW: NaN][Avg BW: NaN][Peak BW: 0.00] [videoView][DEBUG]Media loaded   onMediaLoadStateChange  . | DATE:: 2011-11-29 02:08:40.211091 | PORT:: 17092
TICKET:: YiHhBkEIJ5 | MESSAGE:: [FP: WIN 11,1,102,55][ver: 0.2.36][Pt: 0][ft: f4m] [curTime: 0][curIndex: 0][Buffer: 0][BW: NaN][Avg BW: NaN][Peak BW: 0.00] [OSMF] [INFO] [org.osmf.media.videoClasses.VideoSurface] switchRenderer. currentVideoRenderer = null; the new renderer = [object StageVideo] | DATE:: 2011-11-29 02:08:40.238249 | PORT:: 17092
TICKET:: YiHhBkEIJ5 | MESSAGE:: [FP: WIN 11,1,102,55][ver: 0.2.36][Pt: 0][ft: f4m] [curTime: 0][curIndex: 0][Buffer: 0][BW: NaN][Avg BW: NaN][Peak BW: 0.00] [videoView][DEBUG]initial seek: true   seeking to: 517   allowedSeek false media canSeek:false duration: NaN | DATE:: 2011-11-29 02:08:40.253234 | PORT:: 17092
TICKET:: YiHhBkEIJ5 | MESSAGE:: [FP: WIN 11,1,102,55][ver: 0.2.36][Pt: 0][ft: f4m] [curTime: 0][curIndex: 0][Buffer: 0][BW: NaN][Avg BW: NaN][Peak BW: 0.00] [videoView][DEBUG]initial seek: true   seeking to: 517   allowedSeek false media canSeek:false duration: NaN | DATE:: 2011-11-29 02:08:40.273347 | PORT:: 17092
TICKET:: YiHhBkEIJ5 | MESSAGE:: [FP: WIN 11,1,102,55][ver: 0.2.36][Pt: 0][ft: f4m] [curTime: 0][curIndex: 0][Buffer: 0][BW: NaN][Avg BW: NaN][Peak BW: 0.00] [videoView][DEBUG]initial seek: true   seeking to: 517   allowedSeek false media canSeek:false duration: NaN | DATE:: 2011-11-29 02:08:40.296214 | PORT:: 17092
TICKET:: YiHhBkEIJ5 | MESSAGE:: [FP: WIN 11,1,102,55][ver: 0.2.36][Pt: 0][ft: f4m] [curTime: 0][curIndex: 0][Buffer: 0][BW: NaN][Avg BW: NaN][Peak BW: 0.00] [videoView][DEBUG]initial seek: true   seeking to: 517   allowedSeek false media canSeek:false duration: NaN | DATE:: 2011-11-29 02:08:40.380798 | PORT:: 17092
TICKET:: YiHhBkEIJ5 | MESSAGE:: [FP: WIN 11,1,102,55][ver: 0.2.36][Pt: 0][ft: f4m] [curTime: 0][curIndex: 0][Buffer: 0][BW: NaN][Avg BW: NaN][Peak BW: 0.00] [videoView][DEBUG]initial seek: true   seeking to: 517   allowedSeek false media canSeek:false duration: NaN | DATE:: 2011-11-29 02:08:40.495767 | PORT:: 17092
TICKET:: YiHhBkEIJ5 | MESSAGE:: [FP: WIN 11,1,102,55][ver: 0.2.36][Pt: 1][ft: f4m] [curTime: 0][curIndex: 0][Buffer: 0][BW: NaN][Avg BW: NaN][Peak BW: 0.00] [videoView][DEBUG]initial seek: true   seeking to: 517   allowedSeek false media canSeek:false duration: NaN | DATE:: 2011-11-29 02:08:40.625800 | PORT:: 17092
TICKET:: YiHhBkEIJ5 | MESSAGE:: [FP: WIN 11,1,102,55][ver: 0.2.36][Pt: 1][ft: f4m] [curTime: 0][curIndex: 0][Buffer: 0][BW: NaN][Avg BW: NaN][Peak BW: 0.00] [videoView][DEBUG]initial seek: true   seeking to: 517   allowedSeek false media canSeek:false duration: NaN | DATE:: 2011-11-29 02:08:40.749427 | PORT:: 17092
TICKET:: YiHhBkEIJ5 | MESSAGE:: [FP: WIN 11,1,102,55][ver: 0.2.36][Pt: 1][ft: f4m] [curTime: 0][curIndex: 0][Buffer: 0][BW: NaN][Avg BW: NaN][Peak BW: 0.00] [videoView][DEBUG]initial seek: true   seeking to: 517   allowedSeek false media canSeek:false duration: NaN | DATE:: 2011-11-29 02:08:40.892496 | PORT:: 17092
TICKET:: YiHhBkEIJ5 | MESSAGE:: [FP: WIN 11,1,102,55][ver: 0.2.36][Pt: 1][ft: f4m] [curTime: 0][curIndex: 0][Buffer: 0][BW: 0.00][Avg BW: 0.00][Peak BW: 0.00] [videoView][DEBUG]initial seek: true   seeking to: 517   allowedSeek false media canSeek:false duration: NaN | DATE:: 2011-11-29 02:08:40.991713 | PORT:: 17092
TICKET:: YiHhBkEIJ5 | MESSAGE:: [FP: WIN 11,1,102,55][ver: 0.2.36][Pt: 1][ft: f4m] [curTime: 0][curIndex: 0][Buffer: 0][BW: 0.00][Avg BW: 0.00][Peak BW: 0.00] [videoView][DEBUG]initial seek: true   seeking to: 517   allowedSeek false media canSeek:false duration: NaN | DATE:: 2011-11-29 02:08:41.137344 | PORT:: 17092
TICKET:: YiHhBkEIJ5 | MESSAGE:: [FP: WIN 11,1,102,55][ver: 0.2.36][Pt: 1][ft: f4m] [curTime: 0][curIndex: 0][Buffer: 0][BW: 0.00][Avg BW: 0.00][Peak BW: 0.00] [videoView][DEBUG]initial seek: true   seeking to: 517   allowedSeek false media canSeek:false duration: NaN | DATE:: 2011-11-29 02:08:41.240561 | PORT:: 17092
TICKET:: YiHhBkEIJ5 | MESSAGE:: [FP: WIN 11,1,102,55][ver: 0.2.36][Pt: 1][ft: f4m] [curTime: 0][curIndex: 0][Buffer: 0][BW: 0.00][Avg BW: 0.00][Peak BW: 0.00] [videoView][DEBUG]initial seek: true   seeking to: 517   allowedSeek false media canSeek:false duration: NaN | DATE:: 2011-11-29 02:08:41.382596 | PORT:: 17092
TICKET:: YiHhBkEIJ5 | MESSAGE:: [FP: WIN 11,1,102,55][ver: 0.2.36][Pt: 1][ft: f4m] [curTime: 0][curIndex: 0][Buffer: 0][BW: 0.00][Avg BW: 0.00][Peak BW: 0.00] [videoView][DEBUG]initial seek: true   seeking to: 517   allowedSeek false media canSeek:false duration: NaN | DATE:: 2011-11-29 02:08:41.497901 | PORT:: 17092
TICKET:: YiHhBkEIJ5 | MESSAGE:: [FP: WIN 11,1,102,55][ver: 0.2.36][Pt: 2][ft: f4m] [curTime: 0][curIndex: 0][Buffer: 0][BW: 0.00][Avg BW: 0.00][Peak BW: 0.00] [videoView][DEBUG]initial seek: true   seeking to: 517   allowedSeek false media canSeek:false duration: NaN | DATE:: 2011-11-29 02:08:41.625104 | PORT:: 17092
TICKET:: YiHhBkEIJ5 | MESSAGE:: [FP: WIN 11,1,102,55][ver: 0.2.36][Pt: 2][ft: f4m] [curTime: 0][curIndex: 0][Buffer: 0][BW: 0.00][Avg BW: 0.00][Peak BW: 0.00] [videoView][DEBUG]initial seek: true   seeking to: 517   allowedSeek false media canSeek:false duration: NaN | DATE:: 2011-11-29 02:08:41.754973 | PORT:: 17092
TICKET:: YiHhBkEIJ5 | MESSAGE:: [FP: WIN 11,1,102,55][ver: 0.2.36][Pt: 2][ft: f4m] [curTime: 0][curIndex: 0][Buffer: 0][BW: 0.00][Avg BW: 0.00][Peak BW: 0.00] [videoView][DEBUG]initial seek: true   seeking to: 517   allowedSeek false media canSeek:false duration: NaN | DATE:: 2011-11-29 02:08:41.873623 | PORT:: 17092
TICKET:: YiHhBkEIJ5 | MESSAGE:: [FP: WIN 11,1,102,55][ver: 0.2.36][Pt: 2][ft: f4m] [curTime: 0][curIndex: 0][Buffer: 0][BW: 0.00][Avg BW: 0.00][Peak BW: 0.00] [videoView][DEBUG]initial seek: true   seeking to: 517   allowedSeek false media canSeek:false duration: NaN | DATE:: 2011-11-29 02:08:41.992775 | PORT:: 17092
TICKET:: YiHhBkEIJ5 | MESSAGE:: [FP: WIN 11,1,102,55][ver: 0.2.36][Pt: 2][ft: f4m] [curTime: 0][curIndex: 0][Buffer: 0][BW: 0.00][Avg BW: 0.00][Peak BW: 0.00] [videoView][DEBUG]initial seek: true   seeking to: 517   allowedSeek false media canSeek:false duration: NaN | DATE:: 2011-11-29 02:08:42.156975 | PORT:: 17092
TICKET:: YiHhBkEIJ5 | MESSAGE:: [FP: WIN 11,1,102,55][ver: 0.2.36][Pt: 2][ft: f4m] [curTime: 0][curIndex: 0][Buffer: 0][BW: 0.00][Avg BW: 0.00][Peak BW: 0.00] [videoView][DEBUG]initial seek: true   seeking to: 517   allowedSeek false media canSeek:false duration: NaN | DATE:: 2011-11-29 02:08:42.245229 | PORT:: 17092
TICKET:: YiHhBkEIJ5 | MESSAGE:: [FP: WIN 11,1,102,55][ver: 0.2.36][Pt: 2][ft: f4m] [curTime: 0][curIndex: 0][Buffer: 0][BW: 0.00][Avg BW: 0.00][Peak BW: 0.00] [videoView][DEBUG]initial seek: true   seeking to: 517   allowedSeek false media canSeek:false duration: NaN | DATE:: 2011-11-29 02:08:42.379491 | PORT:: 17092
TICKET:: YiHhBkEIJ5 | MESSAGE:: [FP: WIN 11,1,102,55][ver: 0.2.36][Pt: 2][ft: f4m] [curTime: 0][curIndex: 0][Buffer: 0][BW: 0.00][Avg BW: 0.00][Peak BW: 0.00] [videoView][DEBUG]initial seek: true   seeking to: 517   allowedSeek false media canSeek:false duration: NaN | DATE:: 2011-11-29 02:08:42.493452 | PORT:: 17092
TICKET:: YiHhBkEIJ5 | MESSAGE:: [FP: WIN 11,1,102,55][ver: 0.2.36][Pt: 3][ft: f4m] [curTime: 0][curIndex: 0][Buffer: 0][BW: 0.00][Avg BW: 0.00][Peak BW: 0.00] [videoView][DEBUG]initial seek: true   seeking to: 517   allowedSeek false media canSeek:false duration: NaN | DATE:: 2011-11-29 02:08:42.846654 | PORT:: 17092
TICKET:: YiHhBkEIJ5 | MESSAGE:: [FP: WIN 11,1,102,55][ver: 0.2.36][Pt: 3][ft: f4m] [curTime: 0][curIndex: 0][Buffer: 0][BW: 0.00][Avg BW: 0.00][Peak BW: 0.00] [videoView][DEBUG]initial seek: true   seeking to: 517   allowedSeek false media canSeek:false duration: NaN | DATE:: 2011-11-29 02:08:42.879225 | PORT:: 17092
TICKET:: YiHhBkEIJ5 | MESSAGE:: [FP: WIN 11,1,102,55][ver: 0.2.36][Pt: 3][ft: f4m] [curTime: 0][curIndex: 0][Buffer: 0][BW: 0.00][Avg BW: 0.00][Peak BW: 0.00] [videoView][DEBUG]initial seek: true   seeking to: 517   allowedSeek false media canSeek:false duration: NaN | DATE:: 2011-11-29 02:08:42.993878 | PORT:: 17092
TICKET:: YiHhBkEIJ5 | MESSAGE:: [FP: WIN 11,1,102,55][ver: 0.2.36][Pt: 3][ft: f4m] [curTime: 0][curIndex: 0][Buffer: 0][BW: 0.00][Avg BW: 0.00][Peak BW: 0.00] [videoView][DEBUG]initial seek: true   seeking to: 517   allowedSeek false media canSeek:false duration: NaN | DATE:: 2011-11-29 02:08:43.126945 | PORT:: 17092
TICKET:: YiHhBkEIJ5 | MESSAGE:: [FP: WIN 11,1,102,55][ver: 0.2.36][Pt: 3][ft: f4m] [curTime: 0][curIndex: 0][Buffer: 0][BW: 0.00][Avg BW: 0.00][Peak BW: 0.00] [videoView][DEBUG]initial seek: true   seeking to: 517   allowedSeek false media canSeek:false duration: NaN | DATE:: 2011-11-29 02:08:43.242620 | PORT:: 17092
TICKET:: YiHhBkEIJ5 | MESSAGE:: [FP: WIN 11,1,102,55][ver: 0.2.36][Pt: 3][ft: f4m] [curTime: 0][curIndex: 0][Buffer: 0.001][BW: 0.00][Avg BW: 0.00][Peak BW: 0.00] [videoView][DEBUG]initial seek: true   seeking to: 517   allowedSeek false media canSeek:false duration: NaN | DATE:: 2011-11-29 02:08:43.381045 | PORT:: 17092
TICKET:: YiHhBkEIJ5 | MESSAGE:: [FP: WIN 11,1,102,55][ver: 0.2.36][Pt: 3][ft: f4m] [curTime: 0][curIndex: 0][Buffer: 0.001][BW: 0.00][Avg BW: 0.00][Peak BW: 0.00] [videoView][DEBUG]initial seek: true   seeking to: 517   allowedSeek false media canSeek:false duration: NaN | DATE:: 2011-11-29 02:08:43.532975 | PORT:: 17092
TICKET:: YiHhBkEIJ5 | MESSAGE:: [FP: WIN 11,1,102,55][ver: 0.2.36][Pt: 4][ft: f4m] [curTime: 0][curIndex: 0][Buffer: 0.001][BW: 0.00][Avg BW: 0.00][Peak BW: 0.00] [videoView][DEBUG]Change in STATE:buffering  MP canPlay true canSeek false seekInto point 517 | DATE:: 2011-11-29 02:08:43.618738 | PORT:: 17092
TICKET:: YiHhBkEIJ5 | MESSAGE:: [FP: WIN 11,1,102,55][ver: 0.2.36][Pt: 4][ft: f4m] [curTime: 0][curIndex: 0][Buffer: 0.001][BW: 0.00][Avg BW: 0.00][Peak BW: 0.00] [videoView][DEBUG]FROM TRAIT BUFFERING CHANGE isBuffering : true time 0 | DATE:: 2011-11-29 02:08:43.638285 | PORT:: 17092
TICKET:: YiHhBkEIJ5 | MESSAGE:: [FP: WIN 11,1,102,55][ver: 0.2.36][Pt: 4][ft: f4m] [curTime: 0][curIndex: 0][Buffer: 0.001][BW: 0.00][Avg BW: 0.00][Peak BW: 0.00] [OSMF] [INFO] [org.osmf.net.NetStreamLoadTrait] NetStream.Play.Start | DATE:: 2011-11-29 02:08:43.649492 | PORT:: 17092
TICKET:: YiHhBkEIJ5 | MESSAGE:: [FP: WIN 11,1,102,55][ver: 0.2.36][Pt: 4][ft: f4m] [curTime: 0][curIndex: 1][Buffer: 0.001][BW: 0.00][Avg BW: 0.00][Peak BW: 0.00] [videoView][DEBUG] onDurationChange:  durationChange duration 6893.8 | DATE:: 2011-11-29 02:08:43.671888 | PORT:: 17092
TICKET:: YiHhBkEIJ5 | MESSAGE:: [FP: WIN 11,1,102,55][ver: 0.2.36][Pt: 4][ft: f4m] [curTime: 0][curIndex: 1][Buffer: 0.001][BW: 0.00][Avg BW: 0.00][Peak BW: 0.00] [videoView][DEBUG]initial seek: true   seeking to: 517   allowedSeek false media canSeek:false duration: 6893.8 | DATE:: 2011-11-29 02:08:43.742884 | PORT:: 17092
TICKET:: YiHhBkEIJ5 | MESSAGE:: [FP: WIN 11,1,102,55][ver: 0.2.36][Pt: 4][ft: f4m] [curTime: 0][curIndex: 1][Buffer: 0.001][BW: 0.00][Avg BW: 0.00][Peak BW: 0.00] [videoView][DEBUG]initial seek: true   seeking to: 517   allowedSeek false media canSeek:false duration: 6893.8 | DATE:: 2011-11-29 02:08:43.790579 | PORT:: 17092
TICKET:: YiHhBkEIJ5 | MESSAGE:: [FP: WIN 11,1,102,55][ver: 0.2.36][Pt: 4][ft: f4m] [curTime: 0][curIndex: 1][Buffer: 0.001][BW: 0.00][Avg BW: 0.00][Peak BW: 0.00] [videoView][DEBUG]initial seek: true   seeking to: 517   allowedSeek false media canSeek:false duration: 6893.8 | DATE:: 2011-11-29 02:08:43.933121 | PORT:: 17092
TICKET:: YiHhBkEIJ5 | MESSAGE:: [FP: WIN 11,1,102,55][ver: 0.2.36][Pt: 4][ft: f4m] [curTime: 0][curIndex: 4][Buffer: 0.001][BW: 0.00][Avg BW: 0.00][Peak BW: 0.00] [OSMF] [INFO] [org.osmf.net.NetStreamLoadTrait] NetStream.Play.Transition | DATE:: 2011-11-29 02:08:43.944731 | PORT:: 17092
TICKET:: YiHhBkEIJ5 | MESSAGE:: [FP: WIN 11,1,102,55][ver: 0.2.36][Pt: 4][ft: f4m] [curTime: 0][curIndex: 4][Buffer: 0.001][BW: 0.00][Avg BW: 0.00][Peak BW: 0.00] [videoView][DEBUG]initial seek: true   seeking to: 517   allowedSeek false media canSeek:false duration: 6893.8 | DATE:: 2011-11-29 02:08:44.020581 | PORT:: 17092
TICKET:: YiHhBkEIJ5 | MESSAGE:: [FP: WIN 11,1,102,55][ver: 0.2.36][Pt: 4][ft: f4m] [curTime: 0][curIndex: 4][Buffer: 0.001][BW: 0.00][Avg BW: 0.00][Peak BW: 0.00] [videoView][DEBUG]initial seek: true   seeking to: 517   allowedSeek false media canSeek:false duration: 6893.8 | DATE:: 2011-11-29 02:08:44.159783 | PORT:: 17092
TICKET:: YiHhBkEIJ5 | MESSAGE:: [FP: WIN 11,1,102,55][ver: 0.2.36][Pt: 4][ft: f4m] [curTime: 0][curIndex: 4][Buffer: 0.001][BW: 0.00][Avg BW: 0.00][Peak BW: 0.00] [videoView][DEBUG]initial seek: true   seeking to: 517   allowedSeek false media canSeek:false duration: 6893.8 | DATE:: 2011-11-29 02:08:44.275528 | PORT:: 17092
TICKET:: YiHhBkEIJ5 | MESSAGE:: [FP: WIN 11,1,102,55][ver: 0.2.36][Pt: 4][ft: f4m] [curTime: 0][curIndex: 4][Buffer: 0.001][BW: 0.00][Avg BW: 0.00][Peak BW: 0.00] [videoView][DEBUG]initial seek: true   seeking to: 517   allowedSeek false media canSeek:false duration: 6893.8 | DATE:: 2011-11-29 02:08:44.435097 | PORT:: 17092
TICKET:: YiHhBkEIJ5 | MESSAGE:: [FP: WIN 11,1,102,55][ver: 0.2.36][Pt: 4][ft: f4m] [curTime: 0][curIndex: 4][Buffer: 0.001][BW: 0.00][Avg BW: 0.00][Peak BW: 0.00] [videoView][DEBUG]initial seek: true   seeking to: 517   allowedSeek false media canSeek:false duration: 6893.8 | DATE:: 2011-11-29 02:08:44.529136 | PORT:: 17092
TICKET:: YiHhBkEIJ5 | MESSAGE:: [FP: WIN 11,1,102,55][ver: 0.2.36][Pt: 5][ft: f4m] [curTime: 0][curIndex: 4][Buffer: 0.469][BW: 0.00][Avg BW: 0.00][Peak BW: 0.00] [videoView][DEBUG]initial seek: true   seeking to: 517   allowedSeek false media canSeek:false duration: 6893.8 | DATE:: 2011-11-29 02:08:44.659457 | PORT:: 17092
TICKET:: YiHhBkEIJ5 | MESSAGE:: [FP: WIN 11,1,102,55][ver: 0.2.36][Pt: 5][ft: f4m] [curTime: 0][curIndex: 4][Buffer: 3.072][BW: 0.00][Avg BW: 0.00][Peak BW: 0.00] [videoView][DEBUG]initial seek: true   seeking to: 517   allowedSeek false media canSeek:false duration: 6893.8 | DATE:: 2011-11-29 02:08:44.839107 | PORT:: 17092
TICKET:: YiHhBkEIJ5 | MESSAGE:: [FP: WIN 11,1,102,55][ver: 0.2.36][Pt: 5][ft: f4m] [curTime: 0][curIndex: 4][Buffer: 3.072][BW: 0.00][Avg BW: 0.00][Peak BW: 0.00] [videoView][DEBUG]Change in STATE:playing  MP canPlay true canSeek false seekInto point 517 | DATE:: 2011-11-29 02:08:47.833928 | PORT:: 17092
TICKET:: YiHhBkEIJ5 | MESSAGE:: [FP: WIN 11,1,102,55][ver: 0.2.36][Pt: 5][ft: f4m] [curTime: 0][curIndex: 4][Buffer: 3.072][BW: 0.00][Avg BW: 0.00][Peak BW: 0.00] [videoView][DEBUG]FROM TRAIT BUFFERING CHANGE isBuffering : false time 0 | DATE:: 2011-11-29 02:08:47.846942 | PORT:: 17092
TICKET:: YiHhBkEIJ5 | MESSAGE:: [FP: WIN 11,1,102,55][ver: 0.2.36][Pt: 5][ft: f4m] [curTime: 0][curIndex: 4][Buffer: 3.072][BW: 0.00][Avg BW: 0.00][Peak BW: 0.00] [OSMF] [INFO] [BaseInterface] http://127.0.0.1:9421/api?function=ping | DATE:: 2011-11-29 02:08:47.865851 | PORT:: 17092
TICKET:: YiHhBkEIJ5 | MESSAGE:: [FP: WIN 11,1,102,55][ver: 0.2.36][Pt: 5][ft: f4m] [curTime: 0][curIndex: 4][Buffer: 3.072][BW: 0.00][Avg BW: 0.00][Peak BW: 0.00] [OSMF] [INFO] [org.osmf.net.NetStreamLoadTrait] NetStream.Buffer.Full | DATE:: 2011-11-29 02:08:47.923278 | PORT:: 17092
TICKET:: YiHhBkEIJ5 | MESSAGE:: [FP: WIN 11,1,102,55][ver: 0.2.36][Pt: 5][ft: f4m] [curTime: 0.3][curIndex: 4][Buffer: 5.376][BW: 0.00][Avg BW: 0.00][Peak BW: 0.00] [videoView][DEBUG]initial seek: true   seeking to: 517   allowedSeek true media canSeek:true duration: 6893.8 | DATE:: 2011-11-29 02:08:50.918792 | PORT:: 17092
TICKET:: YiHhBkEIJ5 | MESSAGE:: [FP: WIN 11,1,102,55][ver: 0.2.36][Pt: 5][ft: f4m] [curTime: 0.3][curIndex: 4][Buffer: 0][BW: 0.00][Avg BW: 0.00][Peak BW: 0.00] [videoView][DEBUG]Change in STATE:buffering  MP canPlay true canSeek true seekInto point 517 | DATE:: 2011-11-29 02:08:50.919452 | PORT:: 17092
TICKET:: YiHhBkEIJ5 | MESSAGE:: [FP: WIN 11,1,102,55][ver: 0.2.36][Pt: 5][ft: f4m] [curTime: 517][curIndex: 4][Buffer: 0][BW: 0.00][Avg BW: 0.00][Peak BW: 0.00] [videoView][DEBUG]FROM TRAIT BUFFERING CHANGE isBuffering : true time 0 | DATE:: 2011-11-29 02:08:50.932711 | PORT:: 17092
TICKET:: YiHhBkEIJ5 | MESSAGE:: [FP: WIN 11,1,102,55][ver: 0.2.36][Pt: 5][ft: f4m] [curTime: 517][curIndex: 4][Buffer: 0][BW: 0.00][Avg BW: 0.00][Peak BW: 0.00] [OSMF] [INFO] [org.osmf.net.NetStreamLoadTrait] NetStream.Seek.Notify | DATE:: 2011-11-29 02:08:50.967804 | PORT:: 17092
TICKET:: YiHhBkEIJ5 | MESSAGE:: [FP: WIN 11,1,102,55][ver: 0.2.36][Pt: 5][ft: f4m] [curTime: 517][curIndex: 4][Buffer: 0][BW: 0.00][Avg BW: 0.00][Peak BW: 0.00] [videoView][DEBUG]Change in STATE:playing  MP canPlay true canSeek true seekInto point 517 | DATE:: 2011-11-29 02:08:50.994151 | PORT:: 17092
TICKET:: YiHhBkEIJ5 | MESSAGE:: [FP: WIN 11,1,102,55][ver: 0.2.36][Pt: 6][ft: f4m] [curTime: 517][curIndex: 4][Buffer: 0.001][BW: 1101.00][Avg BW: 220.20][Peak BW: 1101.00] [videoView][DEBUG] onDurationChange:  durationChange duration 6887.06 | DATE:: 2011-11-29 02:08:53.929276 | PORT:: 17092
TICKET:: YiHhBkEIJ5 | MESSAGE:: [FP: WIN 11,1,102,55][ver: 0.2.36][Pt: 6][ft: f4m] [curTime: 517][curIndex: 4][Buffer: 0.001][BW: 1101.00][Avg BW: 220.20][Peak BW: 1101.00] [OSMF] [ERROR] [BaseInterface] SecurityError-Error #2048 | DATE:: 2011-11-29 02:08:53.984797 | PORT:: 17092
TICKET:: YiHhBkEIJ5 | MESSAGE:: [FP: WIN 11,1,102,55][ver: 0.2.36][Pt: 6][ft: f4m] [curTime: 515.966][curIndex: 4][Buffer: 3.072][BW: 1101.00][Avg BW: 367.00][Peak BW: 1101.00] [videoView][DEBUG]FROM TRAIT BUFFERING CHANGE isBuffering : false time 0 | DATE:: 2011-11-29 02:08:53.993034 | PORT:: 17092
TICKET:: YiHhBkEIJ5 | MESSAGE:: [FP: WIN 11,1,102,55][ver: 0.2.36][Pt: 6][ft: f4m] [curTime: 515.966][curIndex: 4][Buffer: 3.072][BW: 1101.00][Avg BW: 367.00][Peak BW: 1101.00] [OSMF] [INFO] [org.osmf.net.NetStreamLoadTrait] NetStream.Buffer.Full | DATE:: 2011-11-29 02:08:54.015299 | PORT:: 17092
TICKET:: 8UmFgXtNfQ | MESSAGE:: [FP: WIN 10,3,181,14][ver: 0.2.36][Pt: 4024][ft: f4m] [curTime: 4134.912][curIndex: 4][Buffer: 31.22][BW: 4110.00][Avg BW: 3529.68][Peak BW: 9692.00] Log Status Timer | DATE:: 2011-11-29 02:09:03.496410 | PORT:: 17095
TICKET:: 8UmFgXtNfQ | MESSAGE:: [FP: WIN 10,3,181,14][ver: 0.2.36][Pt: 4053][ft: f4m] [curTime: 4164.666][curIndex: 3][Buffer: 30.948][BW: 3869.00][Avg BW: 3510.35][Peak BW: 9692.00] [OSMF] [INFO] [org.osmf.net.NetStreamLoadTrait] NetStream.Play.Transition | DATE:: 2011-11-29 02:09:33.475749 | PORT:: 17095
TICKET:: 8UmFgXtNfQ | MESSAGE:: [FP: WIN 10,3,181,14][ver: 0.2.36][Pt: 4054][ft: f4m] [curTime: 4165.269][curIndex: 3][Buffer: 30.747][BW: 3869.00][Avg BW: 3502.58][Peak BW: 9692.00] [OSMF] [INFO] [org.osmf.net.NetStreamLoadTrait] NetStream.Play.Transition | DATE:: 2011-11-29 02:09:33.993752 | PORT:: 17095
TICKET:: 8UmFgXtNfQ | MESSAGE:: [FP: WIN 10,3,181,14][ver: 0.2.36][Pt: 4054][ft: f4m] [curTime: 4165.7][curIndex: 3][Buffer: 30.213][BW: 3869.00][Avg BW: 3502.58][Peak BW: 9692.00] [OSMF] [INFO] [org.osmf.net.NetStreamLoadTrait] NetStream.Play.Transition | DATE:: 2011-11-29 02:09:34.543088 | PORT:: 17095
TICKET:: 8UmFgXtNfQ | MESSAGE:: [FP: WIN 10,3,181,14][ver: 0.2.36][Pt: 4055][ft: f4m] [curTime: 4166.233][curIndex: 3][Buffer: 29.68][BW: 3869.00][Avg BW: 3494.81][Peak BW: 9692.00] [OSMF] [INFO] [org.osmf.net.NetStreamLoadTrait] NetStream.Play.Transition | DATE:: 2011-11-29 02:09:35.051463 | PORT:: 17095
TICKET:: YiHhBkEIJ5 | MESSAGE:: [FP: WIN 11,1,102,55][ver: 0.2.36][Pt: 58][ft: f4m] [curTime: 568.966][curIndex: 4][Buffer: 31.04][BW: 15866.00][Avg BW: 12044.06][Peak BW: 20052.00] Log Status Timer | DATE:: 2011-11-29 02:09:39.517576 | PORT:: 17092
TICKET:: 8UmFgXtNfQ | MESSAGE:: [FP: WIN 10,3,181,14][ver: 0.2.36][Pt: 4082][ft: f4m] [curTime: 4194.733][curIndex: 3][Buffer: 31.196][BW: 1776.00][Avg BW: 2766.23][Peak BW: 9692.00] Log Status Timer | DATE:: 2011-11-29 02:10:03.562275 | PORT:: 17095
TICKET:: 8UmFgXtNfQ | MESSAGE:: [FP: WIN 10,3,181,14][ver: 0.2.36][Pt: 4086][ft: f4m] [curTime: 4198.466][curIndex: 2][Buffer: 31.452][BW: 4214.00][Avg BW: 2574.81][Peak BW: 9692.00] [OSMF] [INFO] [org.osmf.net.NetStreamLoadTrait] NetStream.Play.Transition | DATE:: 2011-11-29 02:10:07.302758 | PORT:: 17095
TICKET:: 8UmFgXtNfQ | MESSAGE:: [FP: WIN 10,3,181,14][ver: 0.2.36][Pt: 4100][ft: f4m] [curTime: 4212.778][curIndex: 2][Buffer: 33.319][BW: 4654.00][Avg BW: 2755.23][Peak BW: 9692.00] [OSMF] [INFO] [org.osmf.net.NetStreamLoadTrait] NetStream.Play.Transition | DATE:: 2011-11-29 02:10:21.430462 | PORT:: 17095
TICKET:: 8UmFgXtNfQ | MESSAGE:: [FP: WIN 10,3,181,14][ver: 0.2.36][Pt: 4119][ft: f4m] [curTime: 4232.233][curIndex: 3][Buffer: 30.859][BW: 2297.00][Avg BW: 2979.29][Peak BW: 9692.00] [OSMF] [INFO] [org.osmf.net.NetStreamLoadTrait] NetStream.Play.Transition | DATE:: 2011-11-29 02:10:41.077139 | PORT:: 17095
TICKET:: 8UmFgXtNfQ | MESSAGE:: [FP: WIN 10,3,181,14][ver: 0.2.36][Pt: 4119][ft: f4m] [curTime: 4232.938][curIndex: 3][Buffer: 33.196][BW: 2297.00][Avg BW: 2979.29][Peak BW: 9692.00] [OSMF] [INFO] [org.osmf.net.NetStreamLoadTrait] NetStream.Play.Transition | DATE:: 2011-11-29 02:10:41.577221 | PORT:: 17095
TICKET:: 8UmFgXtNfQ | MESSAGE:: [FP: WIN 10,3,181,14][ver: 0.2.36][Pt: 4135][ft: f4m] [curTime: 4249.237][curIndex: 3][Buffer: 30.857][BW: 1547.00][Avg BW: 2295.55][Peak BW: 9692.00] [OSMF] [INFO] [org.osmf.net.NetStreamLoadTrait] NetStream.Play.Transition | DATE:: 2011-11-29 02:10:57.878194 | PORT:: 17095
TICKET:: 8UmFgXtNfQ | MESSAGE:: [FP: WIN 10,3,181,14][ver: 0.2.36][Pt: 4141][ft: f4m] [curTime: 4254.997][curIndex: 3][Buffer: 27.845][BW: 1547.00][Avg BW: 2084.97][Peak BW: 9692.00] Log Status Timer | DATE:: 2011-11-29 02:11:03.632679 | PORT:: 17095
TICKET:: 8UmFgXtNfQ | MESSAGE:: [FP: WIN 10,3,181,14][ver: 0.2.36][Pt: 4155][ft: f4m] [curTime: 4269.866][curIndex: 4][Buffer: 30.046][BW: 2284.00][Avg BW: 2345.06][Peak BW: 9692.00] [OSMF] [INFO] [org.osmf.net.NetStreamLoadTrait] NetStream.Play.Transition | DATE:: 2011-11-29 02:11:18.687133 | PORT:: 17095
TICKET:: 8UmFgXtNfQ | MESSAGE:: [FP: WIN 10,3,181,14][ver: 0.2.36][Pt: 4179][ft: f4m] [curTime: 4293.966][curIndex: 3][Buffer: 31.953][BW: 5164.00][Avg BW: 3743.94][Peak BW: 9692.00] [OSMF] [INFO] [org.osmf.net.NetStreamLoadTrait] NetStream.Play.Transition | DATE:: 2011-11-29 02:11:42.777267 | PORT:: 17095
TICKET:: 8UmFgXtNfQ | MESSAGE:: [FP: WIN 10,3,181,14][ver: 0.2.36][Pt: 4179][ft: f4m] [curTime: 4294.466][curIndex: 3][Buffer: 31.452][BW: 5164.00][Avg BW: 3743.94][Peak BW: 9692.00] [OSMF] [INFO] [org.osmf.net.NetStreamLoadTrait] NetStream.Play.Transition | DATE:: 2011-11-29 02:11:43.293779 | PORT:: 17095
TICKET:: 8UmFgXtNfQ | MESSAGE:: [FP: WIN 10,3,181,14][ver: 0.2.36][Pt: 4180][ft: f4m] [curTime: 4295][curIndex: 3][Buffer: 30.919][BW: 5164.00][Avg BW: 3779.94][Peak BW: 9692.00] [OSMF] [INFO] [org.osmf.net.NetStreamLoadTrait] NetStream.Play.Transition | DATE:: 2011-11-29 02:11:43.853350 | PORT:: 17095
TICKET:: 8UmFgXtNfQ | MESSAGE:: [FP: WIN 10,3,181,14][ver: 0.2.36][Pt: 4180][ft: f4m] [curTime: 4295.5][curIndex: 3][Buffer: 30.419][BW: 5164.00][Avg BW: 3779.94][Peak BW: 9692.00] [OSMF] [INFO] [org.osmf.net.NetStreamLoadTrait] NetStream.Play.Transition | DATE:: 2011-11-29 02:11:44.342344 | PORT:: 17095
TICKET:: 8UmFgXtNfQ | MESSAGE:: [FP: WIN 10,3,181,14][ver: 0.2.36][Pt: 4198][ft: f4m] [curTime: 4314.816][curIndex: 0][Buffer: 31.129][BW: 2854.00][Avg BW: 3681.81][Peak BW: 9692.00] Log Status Timer | DATE:: 2011-11-29 02:12:03.644613 | PORT:: 17095
TICKET:: 8UmFgXtNfQ | MESSAGE:: [FP: WIN 10,3,181,14][ver: 0.2.36][Pt: 4211][ft: f4m] [curTime: 4328.166][curIndex: 3][Buffer: 31.758][BW: 1187.00][Avg BW: 2471.35][Peak BW: 9692.00] [OSMF] [INFO] [org.osmf.net.NetStreamLoadTrait] NetStream.Play.Transition | DATE:: 2011-11-29 02:12:16.983883 | PORT:: 17095
TICKET:: 8UmFgXtNfQ | MESSAGE:: [FP: WIN 10,3,181,14][ver: 0.2.36][Pt: 4221][ft: f4m] [curTime: 4338.566][curIndex: 3][Buffer: 31.363][BW: 1414.00][Avg BW: 2052.61][Peak BW: 9692.00] [OSMF] [INFO] [org.osmf.net.NetStreamLoadTrait] NetStream.Play.Transition | DATE:: 2011-11-29 02:12:27.397686 | PORT:: 17095
TICKET:: 8UmFgXtNfQ | MESSAGE:: [FP: WIN 10,3,181,14][ver: 0.2.36][Pt: 4235][ft: f4m] [curTime: 4352.2][curIndex: 3][Buffer: 32.967][BW: 1532.00][Avg BW: 2440.87][Peak BW: 9692.00] [OSMF] [INFO] [org.osmf.net.NetStreamLoadTrait] NetStream.Play.Transition | DATE:: 2011-11-29 02:12:41.015761 | PORT:: 17095
TICKET:: 8UmFgXtNfQ | MESSAGE:: [FP: WIN 10,3,181,14][ver: 0.2.36][Pt: 4240][ft: f4m] [curTime: 4357.966][curIndex: 3][Buffer: 31.953][BW: 4668.00][Avg BW: 2506.23][Peak BW: 9692.00] [OSMF] [INFO] [org.osmf.net.NetStreamLoadTrait] NetStream.Play.Transition | DATE:: 2011-11-29 02:12:46.793870 | PORT:: 17095
TICKET:: 8UmFgXtNfQ | MESSAGE:: [FP: WIN 10,3,181,14][ver: 0.2.36][Pt: 4257][ft: f4m] [curTime: 4374.954][curIndex: 4][Buffer: 31.119][BW: 3066.00][Avg BW: 2926.52][Peak BW: 9692.00] Log Status Timer | DATE:: 2011-11-29 02:13:03.594191 | PORT:: 17095
TICKET:: 8UmFgXtNfQ | MESSAGE:: [FP: WIN 10,3,181,14][ver: 0.2.36][Pt: 4275][ft: f4m] [curTime: 4393.5][curIndex: 3][Buffer: 29.849][BW: 3296.00][Avg BW: 2941.94][Peak BW: 9692.00] [OSMF] [INFO] [org.osmf.net.NetStreamLoadTrait] NetStream.Play.Transition | DATE:: 2011-11-29 02:13:22.297583 | PORT:: 17095
TICKET:: 8UmFgXtNfQ | MESSAGE:: [FP: WIN 10,3,181,14][ver: 0.2.36][Pt: 4275][ft: f4m] [curTime: 4393.966][curIndex: 3][Buffer: 30][BW: 3296.00][Avg BW: 2941.94][Peak BW: 9692.00] [OSMF] [INFO] [org.osmf.net.NetStreamLoadTrait] NetStream.Play.Transition | DATE:: 2011-11-29 02:13:22.999264 | PORT:: 17095
TICKET:: 8UmFgXtNfQ | MESSAGE:: [FP: WIN 10,3,181,14][ver: 0.2.36][Pt: 4276][ft: f4m] [curTime: 4394.533][curIndex: 3][Buffer: 30.074][BW: 3296.00][Avg BW: 2992.84][Peak BW: 9692.00] [OSMF] [INFO] [org.osmf.net.NetStreamLoadTrait] NetStream.Play.Transition | DATE:: 2011-11-29 02:13:23.411221 | PORT:: 17095
TICKET:: 8UmFgXtNfQ | MESSAGE:: [FP: WIN 10,3,181,14][ver: 0.2.36][Pt: 4276][ft: f4m] [curTime: 4395.2][curIndex: 3][Buffer: 30.862][BW: 3296.00][Avg BW: 2992.84][Peak BW: 9692.00] [OSMF] [INFO] [org.osmf.net.NetStreamLoadTrait] NetStream.Play.Transition | DATE:: 2011-11-29 02:13:23.917887 | PORT:: 17095
TICKET:: 8UmFgXtNfQ | MESSAGE:: [FP: WIN 10,3,181,14][ver: 0.2.36][Pt: 4312][ft: f4m] [curTime: 4432.766][curIndex: 1][Buffer: 33.163][BW: 915.00][Avg BW: 1400.74][Peak BW: 9692.00] [OSMF] [INFO] [org.osmf.net.NetStreamLoadTrait] NetStream.Play.Transition | DATE:: 2011-11-29 02:14:01.603448 | PORT:: 17095
TICKET:: 8UmFgXtNfQ | MESSAGE:: [FP: WIN 10,3,181,14][ver: 0.2.36][Pt: 4314][ft: f4m] [curTime: 4434.833][curIndex: 1][Buffer: 31.096][BW: 915.00][Avg BW: 1344.55][Peak BW: 9692.00] Log Status Timer | DATE:: 2011-11-29 02:14:03.670639 | PORT:: 17095
TICKET:: 8UmFgXtNfQ | MESSAGE:: [FP: WIN 10,3,181,14][ver: 0.2.36][Pt: 4327][ft: f4m] [curTime: 4448.469][curIndex: 1][Buffer: 31.524][BW: 1989.00][Avg BW: 1172.52][Peak BW: 9692.00] [OSMF] [INFO] [org.osmf.net.NetStreamLoadTrait] NetStream.Play.Transition | DATE:: 2011-11-29 02:14:17.212924 | PORT:: 17095
TICKET:: 8UmFgXtNfQ | MESSAGE:: [FP: WIN 10,3,181,14][ver: 0.2.36][Pt: 4337][ft: f4m] [curTime: 4459.008][curIndex: 1][Buffer: 31.096][BW: 941.00][Avg BW: 1293.26][Peak BW: 9692.00] [OSMF] [INFO] [org.osmf.net.NetStreamLoadTrait] NetStream.Play.Transition | DATE:: 2011-11-29 02:14:27.640719 | PORT:: 17095
TICKET:: 8UmFgXtNfQ | MESSAGE:: [FP: WIN 10,3,181,14][ver: 0.2.36][Pt: 4341][ft: f4m] [curTime: 4462.08][curIndex: 1][Buffer: 30.599][BW: 307.00][Avg BW: 1420.35][Peak BW: 9692.00] [OSMF] [INFO] [org.osmf.net.NetStreamLoadTrait] NetStream.Play.Transition | DATE:: 2011-11-29 02:14:30.719658 | PORT:: 17095
TICKET:: 8UmFgXtNfQ | MESSAGE:: [FP: WIN 10,3,181,14][ver: 0.2.36][Pt: 4348][ft: f4m] [curTime: 4469.266][curIndex: 3][Buffer: 30.646][BW: 2109.00][Avg BW: 1341.19][Peak BW: 9692.00] [OSMF] [INFO] [org.osmf.net.NetStreamLoadTrait] NetStream.Play.Transition | DATE:: 2011-11-29 02:14:38.069048 | PORT:: 17095
TICKET:: 8UmFgXtNfQ | MESSAGE:: [FP: WIN 10,3,181,14][ver: 0.2.36][Pt: 4360][ft: f4m] [curTime: 4482.466][curIndex: 4][Buffer: 30.8][BW: 2821.00][Avg BW: 1545.10][Peak BW: 9692.00] [OSMF] [INFO] [org.osmf.net.NetStreamLoadTrait] NetStream.Play.Transition | DATE:: 2011-11-29 02:14:51.355503 | PORT:: 17095
TICKET:: 8UmFgXtNfQ | MESSAGE:: [FP: WIN 10,3,181,14][ver: 0.2.36][Pt: 4372][ft: f4m] [curTime: 4495.104][curIndex: 4][Buffer: 31.052][BW: 2329.00][Avg BW: 2122.65][Peak BW: 9692.00] Log Status Timer | DATE:: 2011-11-29 02:15:03.696276 | PORT:: 17095
TICKET:: 8UmFgXtNfQ | MESSAGE:: [FP: WIN 10,3,181,14][ver: 0.2.36][Pt: 4430][ft: f4m] [curTime: 4554.304][curIndex: 3][Buffer: 31.696][BW: 3526.00][Avg BW: 3679.55][Peak BW: 9692.00] [OSMF] [INFO] [org.osmf.net.NetStreamLoadTrait] NetStream.Play.Transition | DATE:: 2011-11-29 02:16:03.043651 | PORT:: 17095
TICKET:: 8UmFgXtNfQ | MESSAGE:: [FP: WIN 10,3,181,14][ver: 0.2.36][Pt: 4430][ft: f4m] [curTime: 4554.965][curIndex: 3][Buffer: 31.196][BW: 3526.00][Avg BW: 3679.55][Peak BW: 9692.00] [OSMF] [INFO] [org.osmf.net.NetStreamLoadTrait] NetStream.Play.Transition | DATE:: 2011-11-29 02:16:03.551074 | PORT:: 17095
TICKET:: 8UmFgXtNfQ | MESSAGE:: [FP: WIN 10,3,181,14][ver: 0.2.36][Pt: 4430][ft: f4m] [curTime: 4555.093][curIndex: 3][Buffer: 31.062][BW: 3526.00][Avg BW: 3679.55][Peak BW: 9692.00] Log Status Timer | DATE:: 2011-11-29 02:16:03.698978 | PORT:: 17095
TICKET:: 8UmFgXtNfQ | MESSAGE:: [FP: WIN 10,3,181,14][ver: 0.2.36][Pt: 4431][ft: f4m] [curTime: 4555.266][curIndex: 3][Buffer: 30.662][BW: 3526.00][Avg BW: 3650.10][Peak BW: 9692.00] [OSMF] [INFO] [org.osmf.net.NetStreamLoadTrait] NetStream.Play.Transition | DATE:: 2011-11-29 02:16:04.072866 | PORT:: 17095
TICKET:: 8UmFgXtNfQ | MESSAGE:: [FP: WIN 10,3,181,14][ver: 0.2.36][Pt: 4431][ft: f4m] [curTime: 4555.766][curIndex: 3][Buffer: 30.163][BW: 3526.00][Avg BW: 3650.10][Peak BW: 9692.00] [OSMF] [INFO] [org.osmf.net.NetStreamLoadTrait] NetStream.Play.Transition | DATE:: 2011-11-29 02:16:04.584888 | PORT:: 17095
TICKET:: 8UmFgXtNfQ | MESSAGE:: [FP: WIN 10,3,181,14][ver: 0.2.36][Pt: 4463][ft: f4m] [curTime: 4588.4][curIndex: 2][Buffer: 31.513][BW: 3111.00][Avg BW: 2307.52][Peak BW: 9692.00] [OSMF] [INFO] [org.osmf.net.NetStreamLoadTrait] NetStream.Play.Transition | DATE:: 2011-11-29 02:16:37.208606 | PORT:: 17095
TICKET:: 8UmFgXtNfQ | MESSAGE:: [FP: WIN 10,3,181,14][ver: 0.2.36][Pt: 4472][ft: f4m] [curTime: 4598.421][curIndex: 2][Buffer: 31.62][BW: 1261.00][Avg BW: 2592.65][Peak BW: 9692.00] [OSMF] [INFO] [org.osmf.net.NetStreamLoadTrait] NetStream.Play.Transition | DATE:: 2011-11-29 02:16:47.121584 | PORT:: 17095
TICKET:: 8UmFgXtNfQ | MESSAGE:: [FP: WIN 10,3,181,14][ver: 0.2.36][Pt: 4482][ft: f4m] [curTime: 4608.49][curIndex: 2][Buffer: 31.625][BW: 920.00][Avg BW: 2293.84][Peak BW: 9692.00] [OSMF] [INFO] [org.osmf.net.NetStreamLoadTrait] NetStream.Play.Transition | DATE:: 2011-11-29 02:16:57.110611 | PORT:: 17095
TICKET:: 8UmFgXtNfQ | MESSAGE:: [FP: WIN 10,3,181,14][ver: 0.2.36][Pt: 4489][ft: f4m] [curTime: 4614.9][curIndex: 2][Buffer: 31.02][BW: 1439.00][Avg BW: 1927.13][Peak BW: 9692.00] Log Status Timer | DATE:: 2011-11-29 02:17:03.703867 | PORT:: 17095
TICKET:: 8UmFgXtNfQ | MESSAGE:: [FP: WIN 10,3,181,14][ver: 0.2.36][Pt: 4495][ft: f4m] [curTime: 4621.966][curIndex: 4][Buffer: 31.334][BW: 3331.00][Avg BW: 1942.48][Peak BW: 9692.00] [OSMF] [INFO] [org.osmf.net.NetStreamLoadTrait] NetStream.Play.Transition | DATE:: 2011-11-29 02:17:10.783839 | PORT:: 17095
TICKET:: 8UmFgXtNfQ | MESSAGE:: [FP: WIN 10,3,181,14][ver: 0.2.36][Pt: 4518][ft: f4m] [curTime: 4645.133][curIndex: 3][Buffer: 30.78][BW: 5683.00][Avg BW: 2244.10][Peak BW: 9692.00] [OSMF] [INFO] [org.osmf.net.NetStreamLoadTrait] NetStream.Play.Transition | DATE:: 2011-11-29 02:17:33.957736 | PORT:: 17095
TICKET:: 8UmFgXtNfQ | MESSAGE:: [FP: WIN 10,3,181,14][ver: 0.2.36][Pt: 4518][ft: f4m] [curTime: 4645.633][curIndex: 3][Buffer: 30.28][BW: 5683.00][Avg BW: 2244.10][Peak BW: 9692.00] [OSMF] [INFO] [org.osmf.net.NetStreamLoadTrait] NetStream.Play.Transition | DATE:: 2011-11-29 02:17:34.433304 | PORT:: 17095
TICKET:: 8UmFgXtNfQ | MESSAGE:: [FP: WIN 10,3,181,14][ver: 0.2.36][Pt: 4519][ft: f4m] [curTime: 4646.133][curIndex: 3][Buffer: 29.78][BW: 5683.00][Avg BW: 2381.00][Peak BW: 9692.00] [OSMF] [INFO] [org.osmf.net.NetStreamLoadTrait] NetStream.Play.Transition | DATE:: 2011-11-29 02:17:34.955942 | PORT:: 17095
TICKET:: 8UmFgXtNfQ | MESSAGE:: [FP: WIN 10,3,181,14][ver: 0.2.36][Pt: 4519][ft: f4m] [curTime: 4646.762][curIndex: 3][Buffer: 29.256][BW: 5683.00][Avg BW: 2381.00][Peak BW: 9692.00] [OSMF] [INFO] [org.osmf.net.NetStreamLoadTrait] NetStream.Play.Transition | DATE:: 2011-11-29 02:17:35.478441 | PORT:: 17095
TICKET:: 8UmFgXtNfQ | MESSAGE:: [FP: WIN 10,3,181,14][ver: 0.2.36][Pt: 4547][ft: f4m] [curTime: 4675.093][curIndex: 0][Buffer: 31.029][BW: 2875.00][Avg BW: 3080.77][Peak BW: 9692.00] Log Status Timer | DATE:: 2011-11-29 02:18:03.711501 | PORT:: 17095
TICKET:: 8UmFgXtNfQ | MESSAGE:: [FP: WIN 10,3,181,14][ver: 0.2.36][Pt: 4554][ft: f4m] [curTime: 4682.709][curIndex: 2][Buffer: 33.414][BW: 450.00][Avg BW: 2972.87][Peak BW: 9692.00] [OSMF] [INFO] [org.osmf.net.NetStreamLoadTrait] NetStream.Play.Transition | DATE:: 2011-11-29 02:18:11.263384 | PORT:: 17095
TICKET:: 8UmFgXtNfQ | MESSAGE:: [FP: WIN 10,3,181,14][ver: 0.2.36][Pt: 4570][ft: f4m] [curTime: 4698.7][curIndex: 2][Buffer: 31.23][BW: 1609.00][Avg BW: 2052.35][Peak BW: 9692.00] [OSMF] [INFO] [org.osmf.net.NetStreamLoadTrait] NetStream.Play.Transition | DATE:: 2011-11-29 02:18:27.487587 | PORT:: 17095
TICKET:: 8UmFgXtNfQ | MESSAGE:: [FP: WIN 10,3,181,14][ver: 0.2.36][Pt: 4579][ft: f4m] [curTime: 4708.309][curIndex: 2][Buffer: 31.78][BW: 2786.00][Avg BW: 1701.45][Peak BW: 9692.00] [OSMF] [INFO] [org.osmf.net.NetStreamLoadTrait] NetStream.Play.Transition | DATE:: 2011-11-29 02:18:36.936787 | PORT:: 17095
TICKET:: 8UmFgXtNfQ | MESSAGE:: [FP: WIN 10,3,181,14][ver: 0.2.36][Pt: 4583][ft: f4m] [curTime: 4712.853][curIndex: 2][Buffer: 33.096][BW: 2786.00][Avg BW: 1767.26][Peak BW: 9692.00] [OSMF] [INFO] [org.osmf.net.NetStreamLoadTrait] NetStream.Play.Transition | DATE:: 2011-11-29 02:18:41.602142 | PORT:: 17095
TICKET:: 8UmFgXtNfQ | MESSAGE:: [FP: WIN 10,3,181,14][ver: 0.2.36][Pt: 4589][ft: f4m] [curTime: 4718.066][curIndex: 2][Buffer: 31.02][BW: 3797.00][Avg BW: 2415.06][Peak BW: 9692.00] [OSMF] [INFO] [org.osmf.net.NetStreamLoadTrait] NetStream.Play.Transition | DATE:: 2011-11-29 02:18:46.854252 | PORT:: 17095
TICKET:: 8UmFgXtNfQ | MESSAGE:: [FP: WIN 10,3,181,14][ver: 0.2.36][Pt: 4599][ft: f4m] [curTime: 4728.682][curIndex: 2][Buffer: 31.391][BW: 2320.00][Avg BW: 2460.94][Peak BW: 9692.00] [OSMF] [INFO] [org.osmf.net.NetStreamLoadTrait] NetStream.Play.Transition | DATE:: 2011-11-29 02:18:57.334686 | PORT:: 17095
TICKET:: 8UmFgXtNfQ | MESSAGE:: [FP: WIN 10,3,181,14][ver: 0.2.36][Pt: 4605][ft: f4m] [curTime: 4735.104][curIndex: 3][Buffer: 26.167][BW: 2320.00][Avg BW: 2541.19][Peak BW: 9692.00] Log Status Timer | DATE:: 2011-11-29 02:19:03.739723 | PORT:: 17095
TICKET:: 8UmFgXtNfQ | MESSAGE:: [FP: WIN 10,3,181,14][ver: 0.2.36][Pt: 4613][ft: f4m] [curTime: 4742.933][curIndex: 4][Buffer: 30.129][BW: 3076.00][Avg BW: 2425.19][Peak BW: 9692.00] [OSMF] [INFO] [org.osmf.net.NetStreamLoadTrait] NetStream.Play.Transition | DATE:: 2011-11-29 02:19:11.594982 | PORT:: 17095
TICKET:: 8UmFgXtNfQ | MESSAGE:: [FP: WIN 10,3,181,14][ver: 0.2.36][Pt: 4664][ft: f4m] [curTime: 4795.05][curIndex: 4][Buffer: 30.996][BW: 4414.00][Avg BW: 2950.74][Peak BW: 9692.00] Log Status Timer | DATE:: 2011-11-29 02:20:03.745971 | PORT:: 17095
TICKET:: 8UmFgXtNfQ | MESSAGE:: [FP: WIN 10,3,181,14][ver: 0.2.36][Pt: 4668][ft: f4m] [curTime: 4799.466][curIndex: 3][Buffer: 30.486][BW: 3548.00][Avg BW: 2916.19][Peak BW: 9692.00] [OSMF] [INFO] [org.osmf.net.NetStreamLoadTrait] NetStream.Play.Transition | DATE:: 2011-11-29 02:20:08.242121 | PORT:: 17095
TICKET:: 8UmFgXtNfQ | MESSAGE:: [FP: WIN 10,3,181,14][ver: 0.2.36][Pt: 4668][ft: f4m] [curTime: 4799.966][curIndex: 3][Buffer: 29.953][BW: 3548.00][Avg BW: 2916.19][Peak BW: 9692.00] [OSMF] [INFO] [org.osmf.net.NetStreamLoadTrait] NetStream.Play.Transition | DATE:: 2011-11-29 02:20:08.749850 | PORT:: 17095
TICKET:: 8UmFgXtNfQ | MESSAGE:: [FP: WIN 10,3,181,14][ver: 0.2.36][Pt: 4700][ft: f4m] [curTime: 4832.426][curIndex: 3][Buffer: 31.533][BW: 1511.00][Avg BW: 2062.32][Peak BW: 9692.00] [OSMF] [INFO] [org.osmf.net.NetStreamLoadTrait] NetStream.Play.Transition | DATE:: 2011-11-29 02:20:42.410693 | PORT:: 17095
TICKET:: 8UmFgXtNfQ | MESSAGE:: [FP: WIN 10,3,181,14][ver: 0.2.36][Pt: 4702][ft: f4m] [curTime: 4834.733][curIndex: 3][Buffer: 31.196][BW: 1843.00][Avg BW: 1974.29][Peak BW: 9692.00] [OSMF] [INFO] [org.osmf.net.NetStreamLoadTrait] NetStream.Play.Transition | DATE:: 2011-11-29 02:20:43.529204 | PORT:: 17095
TICKET:: 8UmFgXtNfQ | MESSAGE:: [FP: WIN 10,3,181,14][ver: 0.2.36][Pt: 4702][ft: f4m] [curTime: 4835.266][curIndex: 3][Buffer: 30.662][BW: 1843.00][Avg BW: 1974.29][Peak BW: 9692.00] [OSMF] [INFO] [org.osmf.net.NetStreamLoadTrait] NetStream.Play.Transition | DATE:: 2011-11-29 02:20:44.059922 | PORT:: 17095
TICKET:: 8UmFgXtNfQ | MESSAGE:: [FP: WIN 10,3,181,14][ver: 0.2.36][Pt: 4703][ft: f4m] [curTime: 4835.925][curIndex: 3][Buffer: 30.163][BW: 1843.00][Avg BW: 1941.26][Peak BW: 9692.00] [OSMF] [INFO] [org.osmf.net.NetStreamLoadTrait] NetStream.Play.Transition | DATE:: 2011-11-29 02:20:44.557386 | PORT:: 17095
TICKET:: 8UmFgXtNfQ | MESSAGE:: [FP: WIN 10,3,181,14][ver: 0.2.36][Pt: 4721][ft: f4m] [curTime: 4854.966][curIndex: 3][Buffer: 30.953][BW: 633.00][Avg BW: 1386.48][Peak BW: 9692.00] Log Status Timer | DATE:: 2011-11-29 02:21:03.745348 | PORT:: 17095
TICKET:: 8UmFgXtNfQ | MESSAGE:: [FP: WIN 10,3,181,14][ver: 0.2.36][Pt: 4734][ft: f4m] [curTime: 4868.1][curIndex: 2][Buffer: 31.814][BW: 414.00][Avg BW: 1397.26][Peak BW: 9692.00] [OSMF] [INFO] [org.osmf.net.NetStreamLoadTrait] NetStream.Play.Transition | DATE:: 2011-11-29 02:21:16.942935 | PORT:: 17095
TICKET:: 8UmFgXtNfQ | MESSAGE:: [FP: WIN 10,3,181,14][ver: 0.2.36][Pt: 4744][ft: f4m] [curTime: 4878.566][curIndex: 2][Buffer: 31.353][BW: 1523.00][Avg BW: 1255.71][Peak BW: 9692.00] [OSMF] [INFO] [org.osmf.net.NetStreamLoadTrait] NetStream.Play.Transition | DATE:: 2011-11-29 02:21:27.346218 | PORT:: 17095
TICKET:: 8UmFgXtNfQ | MESSAGE:: [FP: WIN 10,3,181,14][ver: 0.2.36][Pt: 4763][ft: f4m] [curTime: 4898.533][curIndex: 2][Buffer: 31.396][BW: 2138.00][Avg BW: 1378.00][Peak BW: 9692.00] [OSMF] [INFO] [org.osmf.net.NetStreamLoadTrait] NetStream.Play.Transition | DATE:: 2011-11-29 02:21:47.314621 | PORT:: 17095
TICKET:: 8UmFgXtNfQ | MESSAGE:: [FP: WIN 10,3,181,14][ver: 0.2.36][Pt: 4767][ft: f4m] [curTime: 4902.166][curIndex: 4][Buffer: 32.478][BW: 1404.00][Avg BW: 1505.74][Peak BW: 9692.00] [OSMF] [INFO] [org.osmf.net.NetStreamLoadTrait] NetStream.Play.Transition | DATE:: 2011-11-29 02:21:50.933871 | PORT:: 17095
TICKET:: 8UmFgXtNfQ | MESSAGE:: [FP: WIN 10,3,181,14][ver: 0.2.36][Pt: 4768][ft: f4m] [curTime: 4902.933][curIndex: 4][Buffer: 33.158][BW: 2626.00][Avg BW: 1577.10][Peak BW: 9692.00] [OSMF] [INFO] [org.osmf.net.NetStreamLoadTrait] NetStream.Play.Transition | DATE:: 2011-11-29 02:21:51.569071 | PORT:: 17095
TICKET:: 8UmFgXtNfQ | MESSAGE:: [FP: WIN 10,3,181,14][ver: 0.2.36][Pt: 4779][ft: f4m] [curTime: 4914.3][curIndex: 4][Buffer: 31.629][BW: 2285.00][Avg BW: 1816.68][Peak BW: 9692.00] [OSMF] [INFO] [org.osmf.net.NetStreamLoadTrait] NetStream.Play.Transition | DATE:: 2011-11-29 02:22:03.077350 | PORT:: 17095
TICKET:: 8UmFgXtNfQ | MESSAGE:: [FP: WIN 10,3,181,14][ver: 0.2.36][Pt: 4780][ft: f4m] [curTime: 4915.05][curIndex: 4][Buffer: 30.929][BW: 2285.00][Avg BW: 1856.52][Peak BW: 9692.00] Log Status Timer | DATE:: 2011-11-29 02:22:03.784260 | PORT:: 17095
TICKET:: 8UmFgXtNfQ | MESSAGE:: [FP: WIN 10,3,181,14][ver: 0.2.36][Pt: 4827][ft: f4m] [curTime: 4963.946][curIndex: 3][Buffer: 32.113][BW: 3206.00][Avg BW: 3406.77][Peak BW: 9692.00] [OSMF] [INFO] [org.osmf.net.NetStreamLoadTrait] NetStream.Play.Transition | DATE:: 2011-11-29 02:22:52.570970 | PORT:: 17095
TICKET:: 8UmFgXtNfQ | MESSAGE:: [FP: WIN 10,3,181,14][ver: 0.2.36][Pt: 4827][ft: f4m] [curTime: 4964.416][curIndex: 3][Buffer: 31.58][BW: 3206.00][Avg BW: 3406.77][Peak BW: 9692.00] [OSMF] [INFO] [org.osmf.net.NetStreamLoadTrait] NetStream.Play.Transition | DATE:: 2011-11-29 02:22:53.133460 | PORT:: 17095
TICKET:: 8UmFgXtNfQ | MESSAGE:: [FP: WIN 10,3,181,14][ver: 0.2.36][Pt: 4828][ft: f4m] [curTime: 4965.013][curIndex: 3][Buffer: 31.013][BW: 3206.00][Avg BW: 3400.10][Peak BW: 9692.00] [OSMF] [INFO] [org.osmf.net.NetStreamLoadTrait] NetStream.Play.Transition | DATE:: 2011-11-29 02:22:53.721123 | PORT:: 17095
TICKET:: 8UmFgXtNfQ | MESSAGE:: [FP: WIN 10,3,181,14][ver: 0.2.36][Pt: 4828][ft: f4m] [curTime: 4965.568][curIndex: 3][Buffer: 30.48][BW: 3206.00][Avg BW: 3400.10][Peak BW: 9692.00] [OSMF] [INFO] [org.osmf.net.NetStreamLoadTrait] NetStream.Play.Transition | DATE:: 2011-11-29 02:22:54.222557 | PORT:: 17095
TICKET:: 8UmFgXtNfQ | MESSAGE:: [FP: WIN 10,3,181,14][ver: 0.2.36][Pt: 4838][ft: f4m] [curTime: 4975][curIndex: 3][Buffer: 30.919][BW: 2342.00][Avg BW: 3358.35][Peak BW: 9692.00] Log Status Timer | DATE:: 2011-11-29 02:23:03.764638 | PORT:: 17095
TICKET:: 8UmFgXtNfQ | MESSAGE:: [FP: WIN 10,3,181,14][ver: 0.2.36][Pt: 4860][ft: f4m] [curTime: 4998.229][curIndex: 3][Buffer: 31.82][BW: 3394.00][Avg BW: 2744.74][Peak BW: 9692.00] [OSMF] [INFO] [org.osmf.net.NetStreamLoadTrait] NetStream.Play.Transition | DATE:: 2011-11-29 02:23:26.873529 | PORT:: 17095
TICKET:: 8UmFgXtNfQ | MESSAGE:: [FP: WIN 10,3,181,14][ver: 0.2.36][Pt: 4871][ft: f4m] [curTime: 5009.173][curIndex: 3][Buffer: 30.791][BW: 1541.00][Avg BW: 2760.45][Peak BW: 9692.00] [OSMF] [INFO] [org.osmf.net.NetStreamLoadTrait] NetStream.Play.Transition | DATE:: 2011-11-29 02:23:37.930954 | PORT:: 17095
TICKET:: 8UmFgXtNfQ | MESSAGE:: [FP: WIN 10,3,181,14][ver: 0.2.36][Pt: 4884][ft: f4m] [curTime: 5022.266][curIndex: 3][Buffer: 32.42][BW: 2923.00][Avg BW: 2727.74][Peak BW: 9692.00] [OSMF] [INFO] [org.osmf.net.NetStreamLoadTrait] NetStream.Play.Transition | DATE:: 2011-11-29 02:23:51.031302 | PORT:: 17095
TICKET:: 8UmFgXtNfQ | MESSAGE:: [FP: WIN 10,3,181,14][ver: 0.2.36][Pt: 4891][ft: f4m] [curTime: 5032.533][curIndex: 1][Buffer: 24.934][BW: 2923.00][Avg BW: 2858.00][Peak BW: 9692.00] [OSMF] [INFO] [org.osmf.net.NetStreamLoadTrait] NetStream.Play.Transition | DATE:: 2011-11-29 02:24:01.525149 | PORT:: 17095
TICKET:: 8UmFgXtNfQ | MESSAGE:: [FP: WIN 10,3,181,14][ver: 0.2.36][Pt: 4892][ft: f4m] [curTime: 5033.1][curIndex: 1][Buffer: 26.814][BW: 112.00][Avg BW: 2752.13][Peak BW: 9692.00] [OSMF] [INFO] [org.osmf.net.NetStreamLoadTrait] NetStream.Play.Transition | DATE:: 2011-11-29 02:24:03.096978 | PORT:: 17095
TICKET:: 8UmFgXtNfQ | MESSAGE:: [FP: WIN 10,3,181,14][ver: 0.2.36][Pt: 4893][ft: f4m] [curTime: 5035.066][curIndex: 1][Buffer: 26.617][BW: 112.00][Avg BW: 2646.26][Peak BW: 9692.00] Log Status Timer | DATE:: 2011-11-29 02:24:03.895271 | PORT:: 17095
TICKET:: 8UmFgXtNfQ | MESSAGE:: [FP: WIN 10,3,181,14][ver: 0.2.36][Pt: 4921][ft: f4m] [curTime: 5063.366][curIndex: 1][Buffer: 32.558][BW: 2267.00][Avg BW: 1166.94][Peak BW: 9692.00] [OSMF] [INFO] [org.osmf.net.NetStreamLoadTrait] NetStream.Play.Transition | DATE:: 2011-11-29 02:24:33.493974 | PORT:: 17095
TICKET:: 8UmFgXtNfQ | MESSAGE:: [FP: WIN 10,3,181,14][ver: 0.2.36][Pt: 4923][ft: f4m] [curTime: 5066.266][curIndex: 1][Buffer: 29.657][BW: 2267.00][Avg BW: 1305.97][Peak BW: 9692.00] [OSMF] [INFO] [org.osmf.net.NetStreamLoadTrait] NetStream.Play.Transition | DATE:: 2011-11-29 02:24:35.073817 | PORT:: 17095
TICKET:: 8UmFgXtNfQ | MESSAGE:: [FP: WIN 10,3,181,14][ver: 0.2.36][Pt: 4950][ft: f4m] [curTime: 5095.1][curIndex: 1][Buffer: 30.82][BW: 973.00][Avg BW: 1559.94][Peak BW: 9692.00] Log Status Timer | DATE:: 2011-11-29 02:25:03.877603 | PORT:: 17095
TICKET:: 8UmFgXtNfQ | MESSAGE:: [FP: WIN 10,3,181,14][ver: 0.2.36][Pt: 4953][ft: f4m] [curTime: 5098.133][curIndex: 2][Buffer: 31.796][BW: 313.00][Avg BW: 1413.42][Peak BW: 9692.00] [OSMF] [INFO] [org.osmf.net.NetStreamLoadTrait] NetStream.Play.Transition | DATE:: 2011-11-29 02:25:06.920646 | PORT:: 17095
TICKET:: 8UmFgXtNfQ | MESSAGE:: [FP: WIN 10,3,181,14][ver: 0.2.36][Pt: 4964][ft: f4m] [curTime: 5109.12][curIndex: 2][Buffer: 30.814][BW: 2016.00][Avg BW: 1434.06][Peak BW: 9692.00] [OSMF] [INFO] [org.osmf.net.NetStreamLoadTrait] NetStream.Play.Transition | DATE:: 2011-11-29 02:25:17.891871 | PORT:: 17095
TICKET:: 8UmFgXtNfQ | MESSAGE:: [FP: WIN 10,3,181,14][ver: 0.2.36][Pt: 4975][ft: f4m] [curTime: 5121.941][curIndex: 2][Buffer: 30.533][BW: 1080.00][Avg BW: 1320.35][Peak BW: 9692.00] [OSMF] [INFO] [org.osmf.net.NetStreamLoadTrait] NetStream.Play.Transition | DATE:: 2011-11-29 02:25:30.626454 | PORT:: 17095
TICKET:: 8UmFgXtNfQ | MESSAGE:: [FP: WIN 10,3,181,14][ver: 0.2.36][Pt: 5005][ft: f4m] [curTime: 5152.3][curIndex: 2][Buffer: 31.924][BW: 2116.00][Avg BW: 1534.65][Peak BW: 9692.00] [OSMF] [INFO] [org.osmf.net.NetStreamLoadTrait] NetStream.Play.Transition | DATE:: 2011-11-29 02:26:01.040067 | PORT:: 17095
TICKET:: 8UmFgXtNfQ | MESSAGE:: [FP: WIN 10,3,181,14][ver: 0.2.36][Pt: 5008][ft: f4m] [curTime: 5155.1][curIndex: 2][Buffer: 30.829][BW: 2116.00][Avg BW: 1618.58][Peak BW: 9692.00] Log Status Timer | DATE:: 2011-11-29 02:26:03.906655 | PORT:: 17095
TICKET:: 8UmFgXtNfQ | MESSAGE:: [FP: WIN 10,3,181,14][ver: 0.2.36][Pt: 5011][ft: f4m] [curTime: 5158.762][curIndex: 4][Buffer: 30.329][BW: 2116.00][Avg BW: 1694.35][Peak BW: 9692.00] [OSMF] [INFO] [org.osmf.net.NetStreamLoadTrait] NetStream.Play.Transition | DATE:: 2011-11-29 02:26:07.381231 | PORT:: 17095
TICKET:: 8UmFgXtNfQ | MESSAGE:: [FP: WIN 10,3,181,14][ver: 0.2.36][Pt: 5011][ft: f4m] [curTime: 5159.317][curIndex: 4][Buffer: 30.82][BW: 2116.00][Avg BW: 1694.35][Peak BW: 9692.00] [OSMF] [INFO] [org.osmf.net.NetStreamLoadTrait] NetStream.Play.Transition | DATE:: 2011-11-29 02:26:07.879010 | PORT:: 17095
TICKET:: 8UmFgXtNfQ | MESSAGE:: [FP: WIN 10,3,181,14][ver: 0.2.36][Pt: 5040][ft: f4m] [curTime: 5188.544][curIndex: 4][Buffer: 30.395][BW: 3339.00][Avg BW: 2120.16][Peak BW: 9692.00] [OSMF] [INFO] [org.osmf.net.NetStreamLoadTrait] NetStream.Play.Transition | DATE:: 2011-11-29 02:26:37.131541 | PORT:: 17095
TICKET:: 8UmFgXtNfQ | MESSAGE:: [FP: WIN 10,3,181,14][ver: 0.2.36][Pt: 5066][ft: f4m] [curTime: 5215.133][curIndex: 4][Buffer: 30.786][BW: 4322.00][Avg BW: 3246.52][Peak BW: 9692.00] Log Status Timer | DATE:: 2011-11-29 02:27:03.887596 | PORT:: 17095
TICKET:: 8UmFgXtNfQ | MESSAGE:: [FP: WIN 10,3,181,14][ver: 0.2.36][Pt: 5124][ft: f4m] [curTime: 5275.2][curIndex: 4][Buffer: 10.143][BW: 1214.00][Avg BW: 1207.68][Peak BW: 9692.00] Log Status Timer | DATE:: 2011-11-29 02:28:03.977873 | PORT:: 17095
TICKET:: 8UmFgXtNfQ | MESSAGE:: [FP: WIN 10,3,181,14][ver: 0.2.36][Pt: 5134][ft: f4m] [curTime: 5285.033][curIndex: 4][Buffer: 0.31][BW: 1214.00][Avg BW: 1174.84][Peak BW: 9692.00] [OSMF] [INFO] [org.osmf.net.NetStreamLoadTrait] NetStream.Pause.Notify | DATE:: 2011-11-29 02:28:13.881641 | PORT:: 17095
TICKET:: 8UmFgXtNfQ | MESSAGE:: [FP: WIN 10,3,181,14][ver: 0.2.36][Pt: 5134][ft: f4m] [curTime: 5285.396][curIndex: 4][Buffer: 0.31][BW: 1214.00][Avg BW: 1174.84][Peak BW: 9692.00] [videoView][DEBUG]Change in STATE:ready  MP canPlay true canSeek true seekInto point 0 | DATE:: 2011-11-29 02:28:13.884615 | PORT:: 17095
TICKET:: 8UmFgXtNfQ | MESSAGE:: [FP: WIN 10,3,181,14][ver: 0.2.36][Pt: 5134][ft: f4m] [curTime: 5285.396][curIndex: 4][Buffer: 0][BW: 1214.00][Avg BW: 1174.84][Peak BW: 9692.00] [videoView][DEBUG]Change in STATE:buffering  MP canPlay true canSeek true seekInto point 0 | DATE:: 2011-11-29 02:28:13.895986 | PORT:: 17095
TICKET:: 8UmFgXtNfQ | MESSAGE:: [FP: WIN 10,3,181,14][ver: 0.2.36][Pt: 5134][ft: f4m] [curTime: 5285.396][curIndex: 4][Buffer: 0][BW: 1214.00][Avg BW: 1174.84][Peak BW: 9692.00] [OSMF] [INFO] [org.osmf.media.videoClasses.VideoSurface] switchRenderer. currentVideoRenderer = [object StageVideo]; the new renderer = null | DATE:: 2011-11-29 02:28:13.896711 | PORT:: 17095
